2020-05-08 17:56:40,321: DEBUG: # 
#    +---+---+---+---+---+---+---+---+
#  7 | b1| b1|   | b1| b1|   | b1| b1|
#    +---+---+---+---+---+---+---+---+
#  6 | b1| b1|   | b1| b1|   | b1| b1|
#    +---+---+---+---+---+---+---+---+
#  5 |   |   |   |   |   |   |   |   |
#    +---+---+---+---+---+---+---+---+
#  4 |   |   |   |   |   |   |   |   |
#    +---+---+---+---+---+---+---+---+
#  3 |   |   |   |   |   |   |   |   |
#    +---+---+---+---+---+---+---+---+
#  2 |   |   |   |   |   |   |   |   |
#    +---+---+---+---+---+---+---+---+
#  1 | w1| w1|   | w1| w1|   | w1| w1|
#    +---+---+---+---+---+---+---+---+
#  0 | w1| w1|   | w1| w1|   | w1| w1|
#    +---+---+---+---+---+---+---+---+
# y/x  0   1   2   3   4   5   6   7
2020-05-08 17:56:40,321: DEBUG: white played ('MOVE', 1, (0, 1), (0, 2)) with an evaluation score: 0.0
2020-05-08 17:56:41,591: DEBUG: # 
#    +---+---+---+---+---+---+---+---+
#  7 | b1| b1|   | b1| b1|   | b1| b1|
#    +---+---+---+---+---+---+---+---+
#  6 |   | b1|   | b1| b1|   | b1| b1|
#    +---+---+---+---+---+---+---+---+
#  5 | b1|   |   |   |   |   |   |   |
#    +---+---+---+---+---+---+---+---+
#  4 |   |   |   |   |   |   |   |   |
#    +---+---+---+---+---+---+---+---+
#  3 |   |   |   |   |   |   |   |   |
#    +---+---+---+---+---+---+---+---+
#  2 | w1|   |   |   |   |   |   |   |
#    +---+---+---+---+---+---+---+---+
#  1 |   | w1|   | w1| w1|   | w1| w1|
#    +---+---+---+---+---+---+---+---+
#  0 | w1| w1|   | w1| w1|   | w1| w1|
#    +---+---+---+---+---+---+---+---+
# y/x  0   1   2   3   4   5   6   7
2020-05-08 17:56:41,592: DEBUG: white played ('MOVE', 1, (1, 1), (1, 2)) with an evaluation score: 0.0
2020-05-08 17:56:42,647: DEBUG: # 
#    +---+---+---+---+---+---+---+---+
#  7 | b1| b1|   | b1| b1|   | b1| b1|
#    +---+---+---+---+---+---+---+---+
#  6 |   | b1|   | b1| b1|   | b1| b1|
#    +---+---+---+---+---+---+---+---+
#  5 |   |   |   |   |   |   |   |   |
#    +---+---+---+---+---+---+---+---+
#  4 | b1|   |   |   |   |   |   |   |
#    +---+---+---+---+---+---+---+---+
#  3 |   |   |   |   |   |   |   |   |
#    +---+---+---+---+---+---+---+---+
#  2 | w1| w1|   |   |   |   |   |   |
#    +---+---+---+---+---+---+---+---+
#  1 |   |   |   | w1| w1|   | w1| w1|
#    +---+---+---+---+---+---+---+---+
#  0 | w1| w1|   | w1| w1|   | w1| w1|
#    +---+---+---+---+---+---+---+---+
# y/x  0   1   2   3   4   5   6   7
2020-05-08 17:56:42,648: DEBUG: white played ('MOVE', 1, (3, 1), (3, 2)) with an evaluation score: 0.0
2020-05-08 17:56:43,688: DEBUG: # 
#    +---+---+---+---+---+---+---+---+
#  7 | b1| b1|   | b1| b1|   | b1| b1|
#    +---+---+---+---+---+---+---+---+
#  6 |   |   |   | b1| b1|   | b1| b1|
#    +---+---+---+---+---+---+---+---+
#  5 |   | b1|   |   |   |   |   |   |
#    +---+---+---+---+---+---+---+---+
#  4 | b1|   |   |   |   |   |   |   |
#    +---+---+---+---+---+---+---+---+
#  3 |   |   |   |   |   |   |   |   |
#    +---+---+---+---+---+---+---+---+
#  2 | w1| w1|   | w1|   |   |   |   |
#    +---+---+---+---+---+---+---+---+
#  1 |   |   |   |   | w1|   | w1| w1|
#    +---+---+---+---+---+---+---+---+
#  0 | w1| w1|   | w1| w1|   | w1| w1|
#    +---+---+---+---+---+---+---+---+
# y/x  0   1   2   3   4   5   6   7
2020-05-08 17:56:43,688: DEBUG: white played ('MOVE', 1, (4, 1), (4, 2)) with an evaluation score: 0.0
2020-05-08 17:56:44,523: DEBUG: # 
#    +---+---+---+---+---+---+---+---+
#  7 | b1| b1|   | b1| b1|   | b1| b1|
#    +---+---+---+---+---+---+---+---+
#  6 |   |   |   | b1| b1|   | b1| b1|
#    +---+---+---+---+---+---+---+---+
#  5 |   |   |   |   |   |   |   |   |
#    +---+---+---+---+---+---+---+---+
#  4 | b1| b1|   |   |   |   |   |   |
#    +---+---+---+---+---+---+---+---+
#  3 |   |   |   |   |   |   |   |   |
#    +---+---+---+---+---+---+---+---+
#  2 | w1| w1|   | w1| w1|   |   |   |
#    +---+---+---+---+---+---+---+---+
#  1 |   |   |   |   |   |   | w1| w1|
#    +---+---+---+---+---+---+---+---+
#  0 | w1| w1|   | w1| w1|   | w1| w1|
#    +---+---+---+---+---+---+---+---+
# y/x  0   1   2   3   4   5   6   7
2020-05-08 17:56:44,523: DEBUG: white played ('MOVE', 1, (6, 1), (6, 2)) with an evaluation score: 0.0
2020-05-08 17:56:45,415: DEBUG: # 
#    +---+---+---+---+---+---+---+---+
#  7 | b1| b1|   | b1| b1|   | b1| b1|
#    +---+---+---+---+---+---+---+---+
#  6 |   |   |   | b1| b1|   | b1| b1|
#    +---+---+---+---+---+---+---+---+
#  5 |   |   |   |   |   |   |   |   |
#    +---+---+---+---+---+---+---+---+
#  4 | b1|   | b1|   |   |   |   |   |
#    +---+---+---+---+---+---+---+---+
#  3 |   |   |   |   |   |   |   |   |
#    +---+---+---+---+---+---+---+---+
#  2 | w1| w1|   | w1| w1|   | w1|   |
#    +---+---+---+---+---+---+---+---+
#  1 |   |   |   |   |   |   |   | w1|
#    +---+---+---+---+---+---+---+---+
#  0 | w1| w1|   | w1| w1|   | w1| w1|
#    +---+---+---+---+---+---+---+---+
# y/x  0   1   2   3   4   5   6   7
2020-05-08 17:56:45,415: DEBUG: white played ('MOVE', 1, (7, 1), (7, 2)) with an evaluation score: 0.0
2020-05-08 17:56:46,360: DEBUG: # 
#    +---+---+---+---+---+---+---+---+
#  7 | b1| b1|   | b1| b1|   | b1| b1|
#    +---+---+---+---+---+---+---+---+
#  6 |   |   |   | b1| b1|   | b1| b1|
#    +---+---+---+---+---+---+---+---+
#  5 |   |   |   |   |   |   |   |   |
#    +---+---+---+---+---+---+---+---+
#  4 | b1|   |   |   |   |   |   |   |
#    +---+---+---+---+---+---+---+---+
#  3 |   |   | b1|   |   |   |   |   |
#    +---+---+---+---+---+---+---+---+
#  2 | w1| w1|   | w1| w1|   | w1| w1|
#    +---+---+---+---+---+---+---+---+
#  1 |   |   |   |   |   |   |   |   |
#    +---+---+---+---+---+---+---+---+
#  0 | w1| w1|   | w1| w1|   | w1| w1|
#    +---+---+---+---+---+---+---+---+
# y/x  0   1   2   3   4   5   6   7
2020-05-08 17:56:46,360: DEBUG: white played ('MOVE', 1, (1, 2), (0, 2)) with an evaluation score: -0.7615941559557649
2020-05-08 17:56:47,210: DEBUG: # 
#    +---+---+---+---+---+---+---+---+
#  7 | b1| b1|   | b1| b1|   | b1| b1|
#    +---+---+---+---+---+---+---+---+
#  6 |   |   |   | b1| b1|   | b1| b1|
#    +---+---+---+---+---+---+---+---+
#  5 |   |   |   |   |   |   |   |   |
#    +---+---+---+---+---+---+---+---+
#  4 | b1|   |   |   |   |   |   |   |
#    +---+---+---+---+---+---+---+---+
#  3 |   |   |   |   |   |   |   |   |
#    +---+---+---+---+---+---+---+---+
#  2 | w2|   | b1| w1| w1|   | w1| w1|
#    +---+---+---+---+---+---+---+---+
#  1 |   |   |   |   |   |   |   |   |
#    +---+---+---+---+---+---+---+---+
#  0 | w1| w1|   | w1| w1|   | w1| w1|
#    +---+---+---+---+---+---+---+---+
# y/x  0   1   2   3   4   5   6   7
2020-05-08 17:56:47,210: DEBUG: white played ('MOVE', 1, (3, 2), (4, 2)) with an evaluation score: 0.0
2020-05-08 17:56:48,187: DEBUG: # 
#    +---+---+---+---+---+---+---+---+
#  7 | b1| b1|   | b1| b1|   | b1| b1|
#    +---+---+---+---+---+---+---+---+
#  6 |   |   |   | b1|   |   | b1| b1|
#    +---+---+---+---+---+---+---+---+
#  5 |   |   |   |   | b1|   |   |   |
#    +---+---+---+---+---+---+---+---+
#  4 | b1|   |   |   |   |   |   |   |
#    +---+---+---+---+---+---+---+---+
#  3 |   |   |   |   |   |   |   |   |
#    +---+---+---+---+---+---+---+---+
#  2 | w2|   | b1|   | w2|   | w1| w1|
#    +---+---+---+---+---+---+---+---+
#  1 |   |   |   |   |   |   |   |   |
#    +---+---+---+---+---+---+---+---+
#  0 | w1| w1|   | w1| w1|   | w1| w1|
#    +---+---+---+---+---+---+---+---+
# y/x  0   1   2   3   4   5   6   7
2020-05-08 17:56:48,187: DEBUG: white played ('MOVE', 1, (0, 0), (0, 1)) with an evaluation score: 0.0
2020-05-08 17:56:49,046: DEBUG: # 
#    +---+---+---+---+---+---+---+---+
#  7 | b1| b1|   | b1| b1|   | b1| b1|
#    +---+---+---+---+---+---+---+---+
#  6 |   |   |   |   |   |   | b1| b1|
#    +---+---+---+---+---+---+---+---+
#  5 |   |   |   | b1| b1|   |   |   |
#    +---+---+---+---+---+---+---+---+
#  4 | b1|   |   |   |   |   |   |   |
#    +---+---+---+---+---+---+---+---+
#  3 |   |   |   |   |   |   |   |   |
#    +---+---+---+---+---+---+---+---+
#  2 | w2|   | b1|   | w2|   | w1| w1|
#    +---+---+---+---+---+---+---+---+
#  1 | w1|   |   |   |   |   |   |   |
#    +---+---+---+---+---+---+---+---+
#  0 |   | w1|   | w1| w1|   | w1| w1|
#    +---+---+---+---+---+---+---+---+
# y/x  0   1   2   3   4   5   6   7
2020-05-08 17:56:49,046: DEBUG: white played ('MOVE', 1, (1, 0), (0, 0)) with an evaluation score: 0.0
2020-05-08 17:56:49,937: DEBUG: # 
#    +---+---+---+---+---+---+---+---+
#  7 | b1| b1|   | b1| b1|   | b1| b1|
#    +---+---+---+---+---+---+---+---+
#  6 |   |   |   |   |   |   | b1| b1|
#    +---+---+---+---+---+---+---+---+
#  5 |   |   |   | b1| b1|   |   |   |
#    +---+---+---+---+---+---+---+---+
#  4 |   |   |   |   |   |   |   |   |
#    +---+---+---+---+---+---+---+---+
#  3 | b1|   |   |   |   |   |   |   |
#    +---+---+---+---+---+---+---+---+
#  2 | w2|   | b1|   | w2|   | w1| w1|
#    +---+---+---+---+---+---+---+---+
#  1 | w1|   |   |   |   |   |   |   |
#    +---+---+---+---+---+---+---+---+
#  0 | w1|   |   | w1| w1|   | w1| w1|
#    +---+---+---+---+---+---+---+---+
# y/x  0   1   2   3   4   5   6   7
2020-05-08 17:56:49,937: DEBUG: white played ('MOVE', 2, (0, 2), (0, 1)) with an evaluation score: 0.0
2020-05-08 17:56:50,827: DEBUG: # 
#    +---+---+---+---+---+---+---+---+
#  7 | b1| b1|   | b1| b1|   | b1| b1|
#    +---+---+---+---+---+---+---+---+
#  6 |   |   |   |   |   |   | b1| b1|
#    +---+---+---+---+---+---+---+---+
#  5 |   |   | b1|   | b1|   |   |   |
#    +---+---+---+---+---+---+---+---+
#  4 |   |   |   |   |   |   |   |   |
#    +---+---+---+---+---+---+---+---+
#  3 | b1|   |   |   |   |   |   |   |
#    +---+---+---+---+---+---+---+---+
#  2 |   |   | b1|   | w2|   | w1| w1|
#    +---+---+---+---+---+---+---+---+
#  1 | w3|   |   |   |   |   |   |   |
#    +---+---+---+---+---+---+---+---+
#  0 | w1|   |   | w1| w1|   | w1| w1|
#    +---+---+---+---+---+---+---+---+
# y/x  0   1   2   3   4   5   6   7
2020-05-08 17:56:50,827: DEBUG: white played ('MOVE', 1, (3, 0), (2, 0)) with an evaluation score: 0.0
2020-05-08 17:56:51,753: DEBUG: # 
#    +---+---+---+---+---+---+---+---+
#  7 | b1| b1|   | b1| b1|   | b1| b1|
#    +---+---+---+---+---+---+---+---+
#  6 |   |   |   |   |   |   | b1| b1|
#    +---+---+---+---+---+---+---+---+
#  5 |   |   | b1|   |   |   |   |   |
#    +---+---+---+---+---+---+---+---+
#  4 |   |   |   |   | b1|   |   |   |
#    +---+---+---+---+---+---+---+---+
#  3 | b1|   |   |   |   |   |   |   |
#    +---+---+---+---+---+---+---+---+
#  2 |   |   | b1|   | w2|   | w1| w1|
#    +---+---+---+---+---+---+---+---+
#  1 | w3|   |   |   |   |   |   |   |
#    +---+---+---+---+---+---+---+---+
#  0 | w1|   | w1|   | w1|   | w1| w1|
#    +---+---+---+---+---+---+---+---+
# y/x  0   1   2   3   4   5   6   7
2020-05-08 17:56:51,753: DEBUG: white played ('MOVE', 1, (4, 0), (4, 1)) with an evaluation score: 0.0
2020-05-08 17:56:52,710: DEBUG: # 
#    +---+---+---+---+---+---+---+---+
#  7 | b1| b1|   | b1| b1|   | b1| b1|
#    +---+---+---+---+---+---+---+---+
#  6 |   |   |   |   |   |   | b1| b1|
#    +---+---+---+---+---+---+---+---+
#  5 |   |   | b1|   |   |   |   |   |
#    +---+---+---+---+---+---+---+---+
#  4 |   |   |   |   | b1|   |   |   |
#    +---+---+---+---+---+---+---+---+
#  3 | b1|   |   |   |   |   |   |   |
#    +---+---+---+---+---+---+---+---+
#  2 |   |   |   | b1| w2|   | w1| w1|
#    +---+---+---+---+---+---+---+---+
#  1 | w3|   |   |   | w1|   |   |   |
#    +---+---+---+---+---+---+---+---+
#  0 | w1|   | w1|   |   |   | w1| w1|
#    +---+---+---+---+---+---+---+---+
# y/x  0   1   2   3   4   5   6   7
2020-05-08 17:56:52,710: DEBUG: white played ('MOVE', 2, (4, 2), (6, 2)) with an evaluation score: 0.0
2020-05-08 17:56:54,156: DEBUG: # 
#    +---+---+---+---+---+---+---+---+
#  7 | b1| b1|   | b1| b1|   | b1| b1|
#    +---+---+---+---+---+---+---+---+
#  6 |   |   |   |   |   |   | b1| b1|
#    +---+---+---+---+---+---+---+---+
#  5 |   |   | b1|   |   |   |   |   |
#    +---+---+---+---+---+---+---+---+
#  4 |   |   |   |   | b1|   |   |   |
#    +---+---+---+---+---+---+---+---+
#  3 | b1|   |   |   |   |   |   |   |
#    +---+---+---+---+---+---+---+---+
#  2 |   |   |   |   |   |   | w3| w1|
#    +---+---+---+---+---+---+---+---+
#  1 | w3|   |   | b1| w1|   |   |   |
#    +---+---+---+---+---+---+---+---+
#  0 | w1|   | w1|   |   |   | w1| w1|
#    +---+---+---+---+---+---+---+---+
# y/x  0   1   2   3   4   5   6   7
2020-05-08 17:56:54,156: DEBUG: white played ('MOVE', 1, (2, 0), (1, 0)) with an evaluation score: 0.0
2020-05-08 17:56:55,572: DEBUG: # 
#    +---+---+---+---+---+---+---+---+
#  7 | b1| b1|   | b1| b1|   | b1| b1|
#    +---+---+---+---+---+---+---+---+
#  6 |   |   |   |   |   |   | b1| b1|
#    +---+---+---+---+---+---+---+---+
#  5 |   |   | b1|   |   |   |   |   |
#    +---+---+---+---+---+---+---+---+
#  4 |   |   |   |   | b1|   |   |   |
#    +---+---+---+---+---+---+---+---+
#  3 |   |   |   |   |   |   |   |   |
#    +---+---+---+---+---+---+---+---+
#  2 | b1|   |   |   |   |   | w3| w1|
#    +---+---+---+---+---+---+---+---+
#  1 | w3|   |   | b1| w1|   |   |   |
#    +---+---+---+---+---+---+---+---+
#  0 | w1| w1|   |   |   |   | w1| w1|
#    +---+---+---+---+---+---+---+---+
# y/x  0   1   2   3   4   5   6   7
2020-05-08 17:56:55,572: DEBUG: white played ('MOVE', 3, (0, 1), (0, 0)) with an evaluation score: 0.0
2020-05-08 17:56:57,200: DEBUG: # 
#    +---+---+---+---+---+---+---+---+
#  7 | b1| b1|   | b1| b1|   | b1| b1|
#    +---+---+---+---+---+---+---+---+
#  6 |   |   |   |   |   |   | b1| b1|
#    +---+---+---+---+---+---+---+---+
#  5 |   |   | b1|   |   |   |   |   |
#    +---+---+---+---+---+---+---+---+
#  4 |   |   |   |   | b1|   |   |   |
#    +---+---+---+---+---+---+---+---+
#  3 |   |   |   |   |   |   |   |   |
#    +---+---+---+---+---+---+---+---+
#  2 |   |   |   |   |   |   | w3| w1|
#    +---+---+---+---+---+---+---+---+
#  1 | b1|   |   | b1| w1|   |   |   |
#    +---+---+---+---+---+---+---+---+
#  0 | w4| w1|   |   |   |   | w1| w1|
#    +---+---+---+---+---+---+---+---+
# y/x  0   1   2   3   4   5   6   7
2020-05-08 17:56:57,200: DEBUG: white played ('MOVE', 4, (0, 0), (0, 3)) with an evaluation score: 0.0
2020-05-08 17:56:58,544: DEBUG: # 
#    +---+---+---+---+---+---+---+---+
#  7 | b1| b1|   | b1| b1|   | b1| b1|
#    +---+---+---+---+---+---+---+---+
#  6 |   |   |   |   |   |   | b1| b1|
#    +---+---+---+---+---+---+---+---+
#  5 |   |   | b1|   |   |   |   |   |
#    +---+---+---+---+---+---+---+---+
#  4 |   |   |   |   | b1|   |   |   |
#    +---+---+---+---+---+---+---+---+
#  3 | w4|   |   |   |   |   |   |   |
#    +---+---+---+---+---+---+---+---+
#  2 |   |   |   |   |   |   | w3| w1|
#    +---+---+---+---+---+---+---+---+
#  1 |   | b1|   | b1| w1|   |   |   |
#    +---+---+---+---+---+---+---+---+
#  0 |   | w1|   |   |   |   | w1| w1|
#    +---+---+---+---+---+---+---+---+
# y/x  0   1   2   3   4   5   6   7
2020-05-08 17:56:58,544: DEBUG: white played ('BOOM', (4, 1)) with an evaluation score: 0.0
2020-05-08 17:56:59,599: DEBUG: # 
#    +---+---+---+---+---+---+---+---+
#  7 | b1| b1|   | b1| b1|   | b1| b1|
#    +---+---+---+---+---+---+---+---+
#  6 |   |   |   |   |   |   | b1| b1|
#    +---+---+---+---+---+---+---+---+
#  5 |   |   | b1|   |   |   |   |   |
#    +---+---+---+---+---+---+---+---+
#  4 |   |   |   |   |   |   |   |   |
#    +---+---+---+---+---+---+---+---+
#  3 | w4|   |   |   | b1|   |   |   |
#    +---+---+---+---+---+---+---+---+
#  2 |   |   |   |   |   |   | w3| w1|
#    +---+---+---+---+---+---+---+---+
#  1 |   | b1|   |   |   |   |   |   |
#    +---+---+---+---+---+---+---+---+
#  0 |   | w1|   |   |   |   | w1| w1|
#    +---+---+---+---+---+---+---+---+
# y/x  0   1   2   3   4   5   6   7
2020-05-08 17:56:59,599: DEBUG: white played ('BOOM', (1, 0)) with an evaluation score: 0.0
2020-05-08 17:57:00,371: DEBUG: # 
#    +---+---+---+---+---+---+---+---+
#  7 | b1| b1|   | b1| b1|   | b1| b1|
#    +---+---+---+---+---+---+---+---+
#  6 |   |   |   |   |   |   | b1| b1|
#    +---+---+---+---+---+---+---+---+
#  5 |   |   | b1|   |   |   |   |   |
#    +---+---+---+---+---+---+---+---+
#  4 |   |   |   |   |   |   |   |   |
#    +---+---+---+---+---+---+---+---+
#  3 | w4|   |   |   |   |   |   |   |
#    +---+---+---+---+---+---+---+---+
#  2 |   |   |   |   | b1|   | w3| w1|
#    +---+---+---+---+---+---+---+---+
#  1 |   |   |   |   |   |   |   |   |
#    +---+---+---+---+---+---+---+---+
#  0 |   |   |   |   |   |   | w1| w1|
#    +---+---+---+---+---+---+---+---+
# y/x  0   1   2   3   4   5   6   7
2020-05-08 17:57:00,371: DEBUG: white played ('MOVE', 1, (6, 0), (6, 1)) with an evaluation score: 0.0
2020-05-08 17:57:01,161: DEBUG: # 
#    +---+---+---+---+---+---+---+---+
#  7 | b1| b1|   | b1| b1|   | b1| b1|
#    +---+---+---+---+---+---+---+---+
#  6 |   |   |   |   |   |   | b1| b1|
#    +---+---+---+---+---+---+---+---+
#  5 |   |   | b1|   |   |   |   |   |
#    +---+---+---+---+---+---+---+---+
#  4 |   |   |   |   |   |   |   |   |
#    +---+---+---+---+---+---+---+---+
#  3 | w4|   |   |   |   |   |   |   |
#    +---+---+---+---+---+---+---+---+
#  2 |   |   |   |   |   | b1| w3| w1|
#    +---+---+---+---+---+---+---+---+
#  1 |   |   |   |   |   |   | w1|   |
#    +---+---+---+---+---+---+---+---+
#  0 |   |   |   |   |   |   |   | w1|
#    +---+---+---+---+---+---+---+---+
# y/x  0   1   2   3   4   5   6   7
2020-05-08 17:57:01,161: DEBUG: white played ('MOVE', 3, (6, 2), (6, 4)) with an evaluation score: -0.9640275800758169
2020-05-08 17:57:01,982: DEBUG: # 
#    +---+---+---+---+---+---+---+---+
#  7 | b1| b1|   | b1| b1|   | b1| b1|
#    +---+---+---+---+---+---+---+---+
#  6 |   |   |   |   |   |   | b1| b1|
#    +---+---+---+---+---+---+---+---+
#  5 |   |   | b1|   |   |   |   |   |
#    +---+---+---+---+---+---+---+---+
#  4 |   |   |   |   |   |   | w3|   |
#    +---+---+---+---+---+---+---+---+
#  3 | w4|   |   |   |   |   |   |   |
#    +---+---+---+---+---+---+---+---+
#  2 |   |   |   |   |   |   | b1| w1|
#    +---+---+---+---+---+---+---+---+
#  1 |   |   |   |   |   |   | w1|   |
#    +---+---+---+---+---+---+---+---+
#  0 |   |   |   |   |   |   |   | w1|
#    +---+---+---+---+---+---+---+---+
# y/x  0   1   2   3   4   5   6   7
2020-05-08 17:57:01,982: DEBUG: white played ('MOVE', 1, (6, 1), (6, 0)) with an evaluation score: 0.0
2020-05-08 17:57:02,723: DEBUG: # 
#    +---+---+---+---+---+---+---+---+
#  7 | b1| b1|   | b1| b1|   | b1| b1|
#    +---+---+---+---+---+---+---+---+
#  6 |   |   |   |   |   |   | b1| b1|
#    +---+---+---+---+---+---+---+---+
#  5 |   |   | b1|   |   |   |   |   |
#    +---+---+---+---+---+---+---+---+
#  4 |   |   |   |   |   |   | w3|   |
#    +---+---+---+---+---+---+---+---+
#  3 | w4|   |   |   |   |   |   |   |
#    +---+---+---+---+---+---+---+---+
#  2 |   |   |   |   |   |   |   | w1|
#    +---+---+---+---+---+---+---+---+
#  1 |   |   |   |   |   |   | b1|   |
#    +---+---+---+---+---+---+---+---+
#  0 |   |   |   |   |   |   | w1| w1|
#    +---+---+---+---+---+---+---+---+
# y/x  0   1   2   3   4   5   6   7
2020-05-08 17:57:02,723: DEBUG: white played ('MOVE', 1, (7, 2), (7, 3)) with an evaluation score: -0.7615941559557649
2020-05-08 17:57:03,486: DEBUG: # 
#    +---+---+---+---+---+---+---+---+
#  7 | b1| b1|   | b1| b1|   | b1| b1|
#    +---+---+---+---+---+---+---+---+
#  6 |   |   |   |   |   |   | b1| b1|
#    +---+---+---+---+---+---+---+---+
#  5 |   |   | b1|   |   |   |   |   |
#    +---+---+---+---+---+---+---+---+
#  4 |   |   |   |   |   |   | w3|   |
#    +---+---+---+---+---+---+---+---+
#  3 | w4|   |   |   |   |   |   | w1|
#    +---+---+---+---+---+---+---+---+
#  2 |   |   |   |   |   |   |   |   |
#    +---+---+---+---+---+---+---+---+
#  1 |   |   |   |   |   |   |   | b1|
#    +---+---+---+---+---+---+---+---+
#  0 |   |   |   |   |   |   | w1| w1|
#    +---+---+---+---+---+---+---+---+
# y/x  0   1   2   3   4   5   6   7
2020-05-08 17:57:03,486: DEBUG: white played ('MOVE', 1, (6, 0), (5, 0)) with an evaluation score: 0.0
2020-05-08 17:57:04,300: DEBUG: # 
#    +---+---+---+---+---+---+---+---+
#  7 | b1| b1|   | b1| b1|   | b1| b1|
#    +---+---+---+---+---+---+---+---+
#  6 |   |   |   |   |   |   | b1| b1|
#    +---+---+---+---+---+---+---+---+
#  5 |   |   |   | b1|   |   |   |   |
#    +---+---+---+---+---+---+---+---+
#  4 |   |   |   |   |   |   | w3|   |
#    +---+---+---+---+---+---+---+---+
#  3 | w4|   |   |   |   |   |   | w1|
#    +---+---+---+---+---+---+---+---+
#  2 |   |   |   |   |   |   |   |   |
#    +---+---+---+---+---+---+---+---+
#  1 |   |   |   |   |   |   |   | b1|
#    +---+---+---+---+---+---+---+---+
#  0 |   |   |   |   |   | w1|   | w1|
#    +---+---+---+---+---+---+---+---+
# y/x  0   1   2   3   4   5   6   7
2020-05-08 17:57:04,300: DEBUG: white played ('BOOM', (7, 0)) with an evaluation score: 0.0
2020-05-08 17:57:04,982: DEBUG: # 
#    +---+---+---+---+---+---+---+---+
#  7 | b1| b1|   | b1| b1|   | b1| b1|
#    +---+---+---+---+---+---+---+---+
#  6 |   |   |   |   |   |   | b1| b1|
#    +---+---+---+---+---+---+---+---+
#  5 |   |   |   |   | b1|   |   |   |
#    +---+---+---+---+---+---+---+---+
#  4 |   |   |   |   |   |   | w3|   |
#    +---+---+---+---+---+---+---+---+
#  3 | w4|   |   |   |   |   |   | w1|
#    +---+---+---+---+---+---+---+---+
#  2 |   |   |   |   |   |   |   |   |
#    +---+---+---+---+---+---+---+---+
#  1 |   |   |   |   |   |   |   |   |
#    +---+---+---+---+---+---+---+---+
#  0 |   |   |   |   |   | w1|   |   |
#    +---+---+---+---+---+---+---+---+
# y/x  0   1   2   3   4   5   6   7
2020-05-08 17:57:04,982: DEBUG: white played ('MOVE', 1, (0, 3), (0, 4)) with an evaluation score: 0.0
2020-05-08 17:57:05,663: DEBUG: # 
#    +---+---+---+---+---+---+---+---+
#  7 | b1|   |   | b1| b1|   | b1| b1|
#    +---+---+---+---+---+---+---+---+
#  6 |   | b1|   |   |   |   | b1| b1|
#    +---+---+---+---+---+---+---+---+
#  5 |   |   |   |   | b1|   |   |   |
#    +---+---+---+---+---+---+---+---+
#  4 | w1|   |   |   |   |   | w3|   |
#    +---+---+---+---+---+---+---+---+
#  3 | w3|   |   |   |   |   |   | w1|
#    +---+---+---+---+---+---+---+---+
#  2 |   |   |   |   |   |   |   |   |
#    +---+---+---+---+---+---+---+---+
#  1 |   |   |   |   |   |   |   |   |
#    +---+---+---+---+---+---+---+---+
#  0 |   |   |   |   |   | w1|   |   |
#    +---+---+---+---+---+---+---+---+
# y/x  0   1   2   3   4   5   6   7
2020-05-08 17:57:05,663: DEBUG: white played ('MOVE', 1, (0, 3), (0, 4)) with an evaluation score: 0.0
2020-05-08 17:57:06,201: DEBUG: # 
#    +---+---+---+---+---+---+---+---+
#  7 | b1|   |   | b1| b1|   | b1| b1|
#    +---+---+---+---+---+---+---+---+
#  6 |   |   |   |   |   |   | b1| b1|
#    +---+---+---+---+---+---+---+---+
#  5 |   | b1|   |   | b1|   |   |   |
#    +---+---+---+---+---+---+---+---+
#  4 | w2|   |   |   |   |   | w3|   |
#    +---+---+---+---+---+---+---+---+
#  3 | w2|   |   |   |   |   |   | w1|
#    +---+---+---+---+---+---+---+---+
#  2 |   |   |   |   |   |   |   |   |
#    +---+---+---+---+---+---+---+---+
#  1 |   |   |   |   |   |   |   |   |
#    +---+---+---+---+---+---+---+---+
#  0 |   |   |   |   |   | w1|   |   |
#    +---+---+---+---+---+---+---+---+
# y/x  0   1   2   3   4   5   6   7
2020-05-08 17:57:06,201: DEBUG: white played ('MOVE', 2, (0, 4), (0, 3)) with an evaluation score: 0.0
2020-05-08 17:57:06,931: DEBUG: # 
#    +---+---+---+---+---+---+---+---+
#  7 | b1|   | b1|   | b1|   | b1| b1|
#    +---+---+---+---+---+---+---+---+
#  6 |   |   |   |   |   |   | b1| b1|
#    +---+---+---+---+---+---+---+---+
#  5 |   | b1|   |   | b1|   |   |   |
#    +---+---+---+---+---+---+---+---+
#  4 |   |   |   |   |   |   | w3|   |
#    +---+---+---+---+---+---+---+---+
#  3 | w4|   |   |   |   |   |   | w1|
#    +---+---+---+---+---+---+---+---+
#  2 |   |   |   |   |   |   |   |   |
#    +---+---+---+---+---+---+---+---+
#  1 |   |   |   |   |   |   |   |   |
#    +---+---+---+---+---+---+---+---+
#  0 |   |   |   |   |   | w1|   |   |
#    +---+---+---+---+---+---+---+---+
# y/x  0   1   2   3   4   5   6   7
2020-05-08 17:57:06,931: DEBUG: white played ('MOVE', 1, (0, 3), (1, 3)) with an evaluation score: 0.0
2020-05-08 17:57:07,545: DEBUG: # 
#    +---+---+---+---+---+---+---+---+
#  7 | b1|   | b1|   | b1|   | b1| b1|
#    +---+---+---+---+---+---+---+---+
#  6 |   |   |   |   |   |   | b1| b1|
#    +---+---+---+---+---+---+---+---+
#  5 |   |   |   |   | b1|   |   |   |
#    +---+---+---+---+---+---+---+---+
#  4 |   | b1|   |   |   |   | w3|   |
#    +---+---+---+---+---+---+---+---+
#  3 | w3| w1|   |   |   |   |   | w1|
#    +---+---+---+---+---+---+---+---+
#  2 |   |   |   |   |   |   |   |   |
#    +---+---+---+---+---+---+---+---+
#  1 |   |   |   |   |   |   |   |   |
#    +---+---+---+---+---+---+---+---+
#  0 |   |   |   |   |   | w1|   |   |
#    +---+---+---+---+---+---+---+---+
# y/x  0   1   2   3   4   5   6   7
2020-05-08 17:57:07,545: DEBUG: white played ('MOVE', 3, (0, 3), (0, 1)) with an evaluation score: 0.0
2020-05-08 17:57:08,028: DEBUG: # 
#    +---+---+---+---+---+---+---+---+
#  7 | b1|   | b1|   | b1|   | b1| b1|
#    +---+---+---+---+---+---+---+---+
#  6 |   |   |   |   |   |   | b1| b1|
#    +---+---+---+---+---+---+---+---+
#  5 |   |   |   |   |   |   |   |   |
#    +---+---+---+---+---+---+---+---+
#  4 |   | b1|   |   | b1|   | w3|   |
#    +---+---+---+---+---+---+---+---+
#  3 |   | w1|   |   |   |   |   | w1|
#    +---+---+---+---+---+---+---+---+
#  2 |   |   |   |   |   |   |   |   |
#    +---+---+---+---+---+---+---+---+
#  1 | w3|   |   |   |   |   |   |   |
#    +---+---+---+---+---+---+---+---+
#  0 |   |   |   |   |   | w1|   |   |
#    +---+---+---+---+---+---+---+---+
# y/x  0   1   2   3   4   5   6   7
2020-05-08 17:57:08,028: DEBUG: white played ('BOOM', (1, 3)) with an evaluation score: 0.0
2020-05-08 17:57:08,388: DEBUG: # 
#    +---+---+---+---+---+---+---+---+
#  7 | b1|   | b1|   |   |   | b1| b1|
#    +---+---+---+---+---+---+---+---+
#  6 |   |   |   |   | b1|   | b1| b1|
#    +---+---+---+---+---+---+---+---+
#  5 |   |   |   |   |   |   |   |   |
#    +---+---+---+---+---+---+---+---+
#  4 |   |   |   |   | b1|   | w3|   |
#    +---+---+---+---+---+---+---+---+
#  3 |   |   |   |   |   |   |   | w1|
#    +---+---+---+---+---+---+---+---+
#  2 |   |   |   |   |   |   |   |   |
#    +---+---+---+---+---+---+---+---+
#  1 | w3|   |   |   |   |   |   |   |
#    +---+---+---+---+---+---+---+---+
#  0 |   |   |   |   |   | w1|   |   |
#    +---+---+---+---+---+---+---+---+
# y/x  0   1   2   3   4   5   6   7
2020-05-08 17:57:08,388: DEBUG: white played ('MOVE', 1, (6, 4), (6, 5)) with an evaluation score: 0.0
2020-05-08 17:57:08,704: DEBUG: # 
#    +---+---+---+---+---+---+---+---+
#  7 | b1|   | b1|   |   |   | b1| b1|
#    +---+---+---+---+---+---+---+---+
#  6 |   |   |   |   | b1|   | b1| b1|
#    +---+---+---+---+---+---+---+---+
#  5 |   |   |   |   |   |   | w1|   |
#    +---+---+---+---+---+---+---+---+
#  4 |   |   |   |   |   |   | w2|   |
#    +---+---+---+---+---+---+---+---+
#  3 |   |   |   |   | b1|   |   | w1|
#    +---+---+---+---+---+---+---+---+
#  2 |   |   |   |   |   |   |   |   |
#    +---+---+---+---+---+---+---+---+
#  1 | w3|   |   |   |   |   |   |   |
#    +---+---+---+---+---+---+---+---+
#  0 |   |   |   |   |   | w1|   |   |
#    +---+---+---+---+---+---+---+---+
# y/x  0   1   2   3   4   5   6   7
2020-05-08 17:57:08,704: DEBUG: white played ('BOOM', (6, 4)) with an evaluation score: 0.0
2020-05-08 17:57:08,787: DEBUG: # 
#    +---+---+---+---+---+---+---+---+
#  7 | b1|   | b1|   |   |   |   |   |
#    +---+---+---+---+---+---+---+---+
#  6 |   |   |   |   | b1|   |   |   |
#    +---+---+---+---+---+---+---+---+
#  5 |   |   |   |   |   |   |   |   |
#    +---+---+---+---+---+---+---+---+
#  4 |   |   |   |   |   |   |   |   |
#    +---+---+---+---+---+---+---+---+
#  3 |   |   |   |   |   |   |   |   |
#    +---+---+---+---+---+---+---+---+
#  2 |   |   |   |   | b1|   |   |   |
#    +---+---+---+---+---+---+---+---+
#  1 | w3|   |   |   |   |   |   |   |
#    +---+---+---+---+---+---+---+---+
#  0 |   |   |   |   |   | w1|   |   |
#    +---+---+---+---+---+---+---+---+
# y/x  0   1   2   3   4   5   6   7
2020-05-08 17:57:08,787: DEBUG: white played ('MOVE', 1, (5, 0), (4, 0)) with an evaluation score: 0.0
2020-05-08 17:57:08,867: DEBUG: # 
#    +---+---+---+---+---+---+---+---+
#  7 |   |   | b1|   |   |   |   |   |
#    +---+---+---+---+---+---+---+---+
#  6 | b1|   |   |   | b1|   |   |   |
#    +---+---+---+---+---+---+---+---+
#  5 |   |   |   |   |   |   |   |   |
#    +---+---+---+---+---+---+---+---+
#  4 |   |   |   |   |   |   |   |   |
#    +---+---+---+---+---+---+---+---+
#  3 |   |   |   |   |   |   |   |   |
#    +---+---+---+---+---+---+---+---+
#  2 |   |   |   |   | b1|   |   |   |
#    +---+---+---+---+---+---+---+---+
#  1 | w3|   |   |   |   |   |   |   |
#    +---+---+---+---+---+---+---+---+
#  0 |   |   |   |   | w1|   |   |   |
#    +---+---+---+---+---+---+---+---+
# y/x  0   1   2   3   4   5   6   7
2020-05-08 17:57:08,867: DEBUG: white played ('MOVE', 1, (0, 1), (0, 2)) with an evaluation score: 0.0
2020-05-08 17:57:08,941: DEBUG: # 
#    +---+---+---+---+---+---+---+---+
#  7 |   |   |   |   |   |   |   |   |
#    +---+---+---+---+---+---+---+---+
#  6 | b1|   | b1|   | b1|   |   |   |
#    +---+---+---+---+---+---+---+---+
#  5 |   |   |   |   |   |   |   |   |
#    +---+---+---+---+---+---+---+---+
#  4 |   |   |   |   |   |   |   |   |
#    +---+---+---+---+---+---+---+---+
#  3 |   |   |   |   |   |   |   |   |
#    +---+---+---+---+---+---+---+---+
#  2 | w1|   |   |   | b1|   |   |   |
#    +---+---+---+---+---+---+---+---+
#  1 | w2|   |   |   |   |   |   |   |
#    +---+---+---+---+---+---+---+---+
#  0 |   |   |   |   | w1|   |   |   |
#    +---+---+---+---+---+---+---+---+
# y/x  0   1   2   3   4   5   6   7
2020-05-08 17:57:08,941: DEBUG: white played ('MOVE', 1, (0, 1), (0, 2)) with an evaluation score: 0.0
2020-05-08 17:57:09,016: DEBUG: # 
#    +---+---+---+---+---+---+---+---+
#  7 |   |   |   |   |   |   |   |   |
#    +---+---+---+---+---+---+---+---+
#  6 | b1|   |   |   | b1|   |   |   |
#    +---+---+---+---+---+---+---+---+
#  5 |   |   | b1|   |   |   |   |   |
#    +---+---+---+---+---+---+---+---+
#  4 |   |   |   |   |   |   |   |   |
#    +---+---+---+---+---+---+---+---+
#  3 |   |   |   |   |   |   |   |   |
#    +---+---+---+---+---+---+---+---+
#  2 | w2|   |   |   | b1|   |   |   |
#    +---+---+---+---+---+---+---+---+
#  1 | w1|   |   |   |   |   |   |   |
#    +---+---+---+---+---+---+---+---+
#  0 |   |   |   |   | w1|   |   |   |
#    +---+---+---+---+---+---+---+---+
# y/x  0   1   2   3   4   5   6   7
2020-05-08 17:57:09,016: DEBUG: white played ('MOVE', 1, (0, 1), (0, 2)) with an evaluation score: 0.0
2020-05-08 17:57:09,119: DEBUG: # 
#    +---+---+---+---+---+---+---+---+
#  7 |   |   |   |   | b1|   |   |   |
#    +---+---+---+---+---+---+---+---+
#  6 | b1|   |   |   |   |   |   |   |
#    +---+---+---+---+---+---+---+---+
#  5 |   |   | b1|   |   |   |   |   |
#    +---+---+---+---+---+---+---+---+
#  4 |   |   |   |   |   |   |   |   |
#    +---+---+---+---+---+---+---+---+
#  3 |   |   |   |   |   |   |   |   |
#    +---+---+---+---+---+---+---+---+
#  2 | w3|   |   |   | b1|   |   |   |
#    +---+---+---+---+---+---+---+---+
#  1 |   |   |   |   |   |   |   |   |
#    +---+---+---+---+---+---+---+---+
#  0 |   |   |   |   | w1|   |   |   |
#    +---+---+---+---+---+---+---+---+
# y/x  0   1   2   3   4   5   6   7
2020-05-08 17:57:09,119: DEBUG: white played ('MOVE', 1, (4, 0), (3, 0)) with an evaluation score: 0.0
2020-05-08 17:57:09,208: DEBUG: # 
#    +---+---+---+---+---+---+---+---+
#  7 |   |   |   |   | b1|   |   |   |
#    +---+---+---+---+---+---+---+---+
#  6 | b1|   |   |   |   |   |   |   |
#    +---+---+---+---+---+---+---+---+
#  5 |   |   | b1|   |   |   |   |   |
#    +---+---+---+---+---+---+---+---+
#  4 |   |   |   |   |   |   |   |   |
#    +---+---+---+---+---+---+---+---+
#  3 |   |   |   |   |   |   |   |   |
#    +---+---+---+---+---+---+---+---+
#  2 | w3|   |   | b1|   |   |   |   |
#    +---+---+---+---+---+---+---+---+
#  1 |   |   |   |   |   |   |   |   |
#    +---+---+---+---+---+---+---+---+
#  0 |   |   |   | w1|   |   |   |   |
#    +---+---+---+---+---+---+---+---+
# y/x  0   1   2   3   4   5   6   7
2020-05-08 17:57:09,208: DEBUG: white played ('MOVE', 1, (0, 2), (0, 3)) with an evaluation score: 0.0
2020-05-08 17:57:09,280: DEBUG: # 
#    +---+---+---+---+---+---+---+---+
#  7 |   |   |   |   | b1|   |   |   |
#    +---+---+---+---+---+---+---+---+
#  6 |   |   |   |   |   |   |   |   |
#    +---+---+---+---+---+---+---+---+
#  5 | b1|   | b1|   |   |   |   |   |
#    +---+---+---+---+---+---+---+---+
#  4 |   |   |   |   |   |   |   |   |
#    +---+---+---+---+---+---+---+---+
#  3 | w1|   |   |   |   |   |   |   |
#    +---+---+---+---+---+---+---+---+
#  2 | w2|   |   | b1|   |   |   |   |
#    +---+---+---+---+---+---+---+---+
#  1 |   |   |   |   |   |   |   |   |
#    +---+---+---+---+---+---+---+---+
#  0 |   |   |   | w1|   |   |   |   |
#    +---+---+---+---+---+---+---+---+
# y/x  0   1   2   3   4   5   6   7
2020-05-08 17:57:09,280: DEBUG: white played ('MOVE', 1, (0, 2), (0, 3)) with an evaluation score: 0.0
2020-05-08 17:57:09,345: DEBUG: # 
#    +---+---+---+---+---+---+---+---+
#  7 |   |   |   |   | b1|   |   |   |
#    +---+---+---+---+---+---+---+---+
#  6 |   |   |   |   |   |   |   |   |
#    +---+---+---+---+---+---+---+---+
#  5 | b1|   |   |   |   |   |   |   |
#    +---+---+---+---+---+---+---+---+
#  4 |   |   | b1|   |   |   |   |   |
#    +---+---+---+---+---+---+---+---+
#  3 | w2|   |   |   |   |   |   |   |
#    +---+---+---+---+---+---+---+---+
#  2 | w1|   |   | b1|   |   |   |   |
#    +---+---+---+---+---+---+---+---+
#  1 |   |   |   |   |   |   |   |   |
#    +---+---+---+---+---+---+---+---+
#  0 |   |   |   | w1|   |   |   |   |
#    +---+---+---+---+---+---+---+---+
# y/x  0   1   2   3   4   5   6   7
2020-05-08 17:57:09,345: DEBUG: white played ('MOVE', 1, (0, 2), (0, 3)) with an evaluation score: 0.0
2020-05-08 17:57:09,433: DEBUG: # 
#    +---+---+---+---+---+---+---+---+
#  7 |   |   |   |   | b1|   |   |   |
#    +---+---+---+---+---+---+---+---+
#  6 |   |   |   |   |   |   |   |   |
#    +---+---+---+---+---+---+---+---+
#  5 |   |   |   |   |   |   |   |   |
#    +---+---+---+---+---+---+---+---+
#  4 | b1|   | b1|   |   |   |   |   |
#    +---+---+---+---+---+---+---+---+
#  3 | w3|   |   |   |   |   |   |   |
#    +---+---+---+---+---+---+---+---+
#  2 |   |   |   | b1|   |   |   |   |
#    +---+---+---+---+---+---+---+---+
#  1 |   |   |   |   |   |   |   |   |
#    +---+---+---+---+---+---+---+---+
#  0 |   |   |   | w1|   |   |   |   |
#    +---+---+---+---+---+---+---+---+
# y/x  0   1   2   3   4   5   6   7
2020-05-08 17:57:09,433: DEBUG: white played ('MOVE', 3, (0, 3), (0, 2)) with an evaluation score: 0.0
2020-05-08 17:57:09,510: DEBUG: # 
#    +---+---+---+---+---+---+---+---+
#  7 |   |   |   |   | b1|   |   |   |
#    +---+---+---+---+---+---+---+---+
#  6 |   |   |   |   |   |   |   |   |
#    +---+---+---+---+---+---+---+---+
#  5 |   |   |   |   |   |   |   |   |
#    +---+---+---+---+---+---+---+---+
#  4 |   |   | b1|   |   |   |   |   |
#    +---+---+---+---+---+---+---+---+
#  3 | b1|   |   |   |   |   |   |   |
#    +---+---+---+---+---+---+---+---+
#  2 | w3|   |   | b1|   |   |   |   |
#    +---+---+---+---+---+---+---+---+
#  1 |   |   |   |   |   |   |   |   |
#    +---+---+---+---+---+---+---+---+
#  0 |   |   |   | w1|   |   |   |   |
#    +---+---+---+---+---+---+---+---+
# y/x  0   1   2   3   4   5   6   7
2020-05-08 17:57:09,510: DEBUG: white played ('MOVE', 3, (0, 2), (0, 1)) with an evaluation score: 0.0
2020-05-08 17:57:09,583: DEBUG: # 
#    +---+---+---+---+---+---+---+---+
#  7 |   |   |   |   | b1|   |   |   |
#    +---+---+---+---+---+---+---+---+
#  6 |   |   |   |   |   |   |   |   |
#    +---+---+---+---+---+---+---+---+
#  5 |   |   |   |   |   |   |   |   |
#    +---+---+---+---+---+---+---+---+
#  4 |   |   |   | b1|   |   |   |   |
#    +---+---+---+---+---+---+---+---+
#  3 | b1|   |   |   |   |   |   |   |
#    +---+---+---+---+---+---+---+---+
#  2 |   |   |   | b1|   |   |   |   |
#    +---+---+---+---+---+---+---+---+
#  1 | w3|   |   |   |   |   |   |   |
#    +---+---+---+---+---+---+---+---+
#  0 |   |   |   | w1|   |   |   |   |
#    +---+---+---+---+---+---+---+---+
# y/x  0   1   2   3   4   5   6   7
2020-05-08 17:57:09,583: DEBUG: white played ('MOVE', 1, (3, 0), (2, 0)) with an evaluation score: 0.0
2020-05-08 17:57:09,656: DEBUG: # 
#    +---+---+---+---+---+---+---+---+
#  7 |   |   |   |   | b1|   |   |   |
#    +---+---+---+---+---+---+---+---+
#  6 |   |   |   |   |   |   |   |   |
#    +---+---+---+---+---+---+---+---+
#  5 |   |   |   |   |   |   |   |   |
#    +---+---+---+---+---+---+---+---+
#  4 |   |   |   | b1|   |   |   |   |
#    +---+---+---+---+---+---+---+---+
#  3 | b1|   |   |   |   |   |   |   |
#    +---+---+---+---+---+---+---+---+
#  2 |   |   | b1|   |   |   |   |   |
#    +---+---+---+---+---+---+---+---+
#  1 | w3|   |   |   |   |   |   |   |
#    +---+---+---+---+---+---+---+---+
#  0 |   |   | w1|   |   |   |   |   |
#    +---+---+---+---+---+---+---+---+
# y/x  0   1   2   3   4   5   6   7
2020-05-08 17:57:09,656: DEBUG: white played ('MOVE', 1, (0, 1), (0, 0)) with an evaluation score: 0.0
2020-05-08 17:57:09,716: DEBUG: # 
#    +---+---+---+---+---+---+---+---+
#  7 |   |   |   |   |   |   |   |   |
#    +---+---+---+---+---+---+---+---+
#  6 |   |   |   |   | b1|   |   |   |
#    +---+---+---+---+---+---+---+---+
#  5 |   |   |   |   |   |   |   |   |
#    +---+---+---+---+---+---+---+---+
#  4 |   |   |   | b1|   |   |   |   |
#    +---+---+---+---+---+---+---+---+
#  3 | b1|   |   |   |   |   |   |   |
#    +---+---+---+---+---+---+---+---+
#  2 |   |   | b1|   |   |   |   |   |
#    +---+---+---+---+---+---+---+---+
#  1 | w2|   |   |   |   |   |   |   |
#    +---+---+---+---+---+---+---+---+
#  0 | w1|   | w1|   |   |   |   |   |
#    +---+---+---+---+---+---+---+---+
# y/x  0   1   2   3   4   5   6   7
2020-05-08 17:57:09,716: DEBUG: white played ('MOVE', 1, (0, 1), (0, 0)) with an evaluation score: 0.0
2020-05-08 17:57:09,792: DEBUG: # 
#    +---+---+---+---+---+---+---+---+
#  7 |   |   |   |   | b1|   |   |   |
#    +---+---+---+---+---+---+---+---+
#  6 |   |   |   |   |   |   |   |   |
#    +---+---+---+---+---+---+---+---+
#  5 |   |   |   |   |   |   |   |   |
#    +---+---+---+---+---+---+---+---+
#  4 |   |   |   | b1|   |   |   |   |
#    +---+---+---+---+---+---+---+---+
#  3 | b1|   |   |   |   |   |   |   |
#    +---+---+---+---+---+---+---+---+
#  2 |   |   | b1|   |   |   |   |   |
#    +---+---+---+---+---+---+---+---+
#  1 | w1|   |   |   |   |   |   |   |
#    +---+---+---+---+---+---+---+---+
#  0 | w2|   | w1|   |   |   |   |   |
#    +---+---+---+---+---+---+---+---+
# y/x  0   1   2   3   4   5   6   7
2020-05-08 17:57:09,792: DEBUG: white played ('MOVE', 1, (0, 1), (0, 0)) with an evaluation score: 0.0
2020-05-08 17:57:09,861: DEBUG: # 
#    +---+---+---+---+---+---+---+---+
#  7 |   |   |   |   | b1|   |   |   |
#    +---+---+---+---+---+---+---+---+
#  6 |   |   |   |   |   |   |   |   |
#    +---+---+---+---+---+---+---+---+
#  5 |   |   |   |   |   |   |   |   |
#    +---+---+---+---+---+---+---+---+
#  4 |   |   |   | b1|   |   |   |   |
#    +---+---+---+---+---+---+---+---+
#  3 |   |   |   |   |   |   |   |   |
#    +---+---+---+---+---+---+---+---+
#  2 | b1|   | b1|   |   |   |   |   |
#    +---+---+---+---+---+---+---+---+
#  1 |   |   |   |   |   |   |   |   |
#    +---+---+---+---+---+---+---+---+
#  0 | w3|   | w1|   |   |   |   |   |
#    +---+---+---+---+---+---+---+---+
# y/x  0   1   2   3   4   5   6   7
2020-05-08 17:57:09,862: DEBUG: white played ('MOVE', 1, (2, 0), (1, 0)) with an evaluation score: 0.0
2020-05-08 17:57:09,933: DEBUG: # 
#    +---+---+---+---+---+---+---+---+
#  7 |   |   |   |   | b1|   |   |   |
#    +---+---+---+---+---+---+---+---+
#  6 |   |   |   |   |   |   |   |   |
#    +---+---+---+---+---+---+---+---+
#  5 |   |   |   |   |   |   |   |   |
#    +---+---+---+---+---+---+---+---+
#  4 |   |   |   | b1|   |   |   |   |
#    +---+---+---+---+---+---+---+---+
#  3 |   |   |   |   |   |   |   |   |
#    +---+---+---+---+---+---+---+---+
#  2 |   |   | b1|   |   |   |   |   |
#    +---+---+---+---+---+---+---+---+
#  1 | b1|   |   |   |   |   |   |   |
#    +---+---+---+---+---+---+---+---+
#  0 | w3| w1|   |   |   |   |   |   |
#    +---+---+---+---+---+---+---+---+
# y/x  0   1   2   3   4   5   6   7
2020-05-08 17:57:09,933: DEBUG: white played ('MOVE', 3, (0, 0), (0, 3)) with an evaluation score: 0.0
2020-05-08 17:57:10,034: DEBUG: # 
#    +---+---+---+---+---+---+---+---+
#  7 |   |   |   |   | b1|   |   |   |
#    +---+---+---+---+---+---+---+---+
#  6 |   |   |   |   |   |   |   |   |
#    +---+---+---+---+---+---+---+---+
#  5 |   |   |   |   |   |   |   |   |
#    +---+---+---+---+---+---+---+---+
#  4 |   |   |   | b1|   |   |   |   |
#    +---+---+---+---+---+---+---+---+
#  3 | w3|   |   |   |   |   |   |   |
#    +---+---+---+---+---+---+---+---+
#  2 | b1|   | b1|   |   |   |   |   |
#    +---+---+---+---+---+---+---+---+
#  1 |   |   |   |   |   |   |   |   |
#    +---+---+---+---+---+---+---+---+
#  0 |   | w1|   |   |   |   |   |   |
#    +---+---+---+---+---+---+---+---+
# y/x  0   1   2   3   4   5   6   7
2020-05-08 17:57:10,034: DEBUG: white played ('MOVE', 3, (0, 3), (0, 4)) with an evaluation score: 0.0
2020-05-08 17:57:10,118: DEBUG: # 
#    +---+---+---+---+---+---+---+---+
#  7 |   |   |   |   | b1|   |   |   |
#    +---+---+---+---+---+---+---+---+
#  6 |   |   |   |   |   |   |   |   |
#    +---+---+---+---+---+---+---+---+
#  5 |   |   |   |   |   |   |   |   |
#    +---+---+---+---+---+---+---+---+
#  4 | w3|   |   |   | b1|   |   |   |
#    +---+---+---+---+---+---+---+---+
#  3 |   |   |   |   |   |   |   |   |
#    +---+---+---+---+---+---+---+---+
#  2 | b1|   | b1|   |   |   |   |   |
#    +---+---+---+---+---+---+---+---+
#  1 |   |   |   |   |   |   |   |   |
#    +---+---+---+---+---+---+---+---+
#  0 |   | w1|   |   |   |   |   |   |
#    +---+---+---+---+---+---+---+---+
# y/x  0   1   2   3   4   5   6   7
2020-05-08 17:57:10,118: DEBUG: white played ('MOVE', 1, (1, 0), (0, 0)) with an evaluation score: 0.0
2020-05-08 17:57:10,203: DEBUG: # 
#    +---+---+---+---+---+---+---+---+
#  7 |   |   |   |   | b1|   |   |   |
#    +---+---+---+---+---+---+---+---+
#  6 |   |   |   |   |   |   |   |   |
#    +---+---+---+---+---+---+---+---+
#  5 |   |   |   |   | b1|   |   |   |
#    +---+---+---+---+---+---+---+---+
#  4 | w3|   |   |   |   |   |   |   |
#    +---+---+---+---+---+---+---+---+
#  3 |   |   |   |   |   |   |   |   |
#    +---+---+---+---+---+---+---+---+
#  2 | b1|   | b1|   |   |   |   |   |
#    +---+---+---+---+---+---+---+---+
#  1 |   |   |   |   |   |   |   |   |
#    +---+---+---+---+---+---+---+---+
#  0 | w1|   |   |   |   |   |   |   |
#    +---+---+---+---+---+---+---+---+
# y/x  0   1   2   3   4   5   6   7
2020-05-08 17:57:10,203: DEBUG: white played ('MOVE', 1, (0, 4), (0, 5)) with an evaluation score: 0.0
2020-05-08 17:57:10,269: DEBUG: # 
#    +---+---+---+---+---+---+---+---+
#  7 |   |   |   |   | b1|   |   |   |
#    +---+---+---+---+---+---+---+---+
#  6 |   |   |   |   |   |   |   |   |
#    +---+---+---+---+---+---+---+---+
#  5 | w1|   |   |   | b1|   |   |   |
#    +---+---+---+---+---+---+---+---+
#  4 | w2|   |   |   |   |   |   |   |
#    +---+---+---+---+---+---+---+---+
#  3 |   |   | b1|   |   |   |   |   |
#    +---+---+---+---+---+---+---+---+
#  2 | b1|   |   |   |   |   |   |   |
#    +---+---+---+---+---+---+---+---+
#  1 |   |   |   |   |   |   |   |   |
#    +---+---+---+---+---+---+---+---+
#  0 | w1|   |   |   |   |   |   |   |
#    +---+---+---+---+---+---+---+---+
# y/x  0   1   2   3   4   5   6   7
2020-05-08 17:57:10,270: DEBUG: white played ('MOVE', 1, (0, 4), (0, 5)) with an evaluation score: 0.0
2020-05-08 17:57:10,339: DEBUG: # 
#    +---+---+---+---+---+---+---+---+
#  7 |   |   |   |   | b1|   |   |   |
#    +---+---+---+---+---+---+---+---+
#  6 |   |   |   |   |   |   |   |   |
#    +---+---+---+---+---+---+---+---+
#  5 | w2|   |   |   |   |   |   |   |
#    +---+---+---+---+---+---+---+---+
#  4 | w1|   |   |   | b1|   |   |   |
#    +---+---+---+---+---+---+---+---+
#  3 |   |   | b1|   |   |   |   |   |
#    +---+---+---+---+---+---+---+---+
#  2 | b1|   |   |   |   |   |   |   |
#    +---+---+---+---+---+---+---+---+
#  1 |   |   |   |   |   |   |   |   |
#    +---+---+---+---+---+---+---+---+
#  0 | w1|   |   |   |   |   |   |   |
#    +---+---+---+---+---+---+---+---+
# y/x  0   1   2   3   4   5   6   7
2020-05-08 17:57:10,339: DEBUG: white played ('MOVE', 1, (0, 4), (0, 3)) with an evaluation score: 0.0
2020-05-08 17:57:10,409: DEBUG: # 
#    +---+---+---+---+---+---+---+---+
#  7 |   |   |   |   | b1|   |   |   |
#    +---+---+---+---+---+---+---+---+
#  6 |   |   |   |   |   |   |   |   |
#    +---+---+---+---+---+---+---+---+
#  5 | w2|   |   |   |   |   |   |   |
#    +---+---+---+---+---+---+---+---+
#  4 |   |   |   |   | b1|   |   |   |
#    +---+---+---+---+---+---+---+---+
#  3 | w1|   | b1|   |   |   |   |   |
#    +---+---+---+---+---+---+---+---+
#  2 |   |   |   |   |   |   |   |   |
#    +---+---+---+---+---+---+---+---+
#  1 | b1|   |   |   |   |   |   |   |
#    +---+---+---+---+---+---+---+---+
#  0 | w1|   |   |   |   |   |   |   |
#    +---+---+---+---+---+---+---+---+
# y/x  0   1   2   3   4   5   6   7
2020-05-08 17:57:10,409: DEBUG: white played ('BOOM', (0, 0)) with an evaluation score: 0.0
2020-05-08 17:57:10,458: DEBUG: # 
#    +---+---+---+---+---+---+---+---+
#  7 |   |   |   |   | b1|   |   |   |
#    +---+---+---+---+---+---+---+---+
#  6 |   |   |   |   |   |   |   |   |
#    +---+---+---+---+---+---+---+---+
#  5 | w2|   |   |   |   |   |   |   |
#    +---+---+---+---+---+---+---+---+
#  4 |   |   |   |   |   |   |   |   |
#    +---+---+---+---+---+---+---+---+
#  3 | w1|   | b1|   | b1|   |   |   |
#    +---+---+---+---+---+---+---+---+
#  2 |   |   |   |   |   |   |   |   |
#    +---+---+---+---+---+---+---+---+
#  1 |   |   |   |   |   |   |   |   |
#    +---+---+---+---+---+---+---+---+
#  0 |   |   |   |   |   |   |   |   |
#    +---+---+---+---+---+---+---+---+
# y/x  0   1   2   3   4   5   6   7
2020-05-08 17:57:10,458: DEBUG: white played ('MOVE', 1, (0, 5), (0, 4)) with an evaluation score: 0.0
2020-05-08 17:57:10,501: DEBUG: # 
#    +---+---+---+---+---+---+---+---+
#  7 |   |   |   |   | b1|   |   |   |
#    +---+---+---+---+---+---+---+---+
#  6 |   |   |   |   |   |   |   |   |
#    +---+---+---+---+---+---+---+---+
#  5 | w1|   |   |   |   |   |   |   |
#    +---+---+---+---+---+---+---+---+
#  4 | w1|   |   |   |   |   |   |   |
#    +---+---+---+---+---+---+---+---+
#  3 | w1| b1|   |   | b1|   |   |   |
#    +---+---+---+---+---+---+---+---+
#  2 |   |   |   |   |   |   |   |   |
#    +---+---+---+---+---+---+---+---+
#  1 |   |   |   |   |   |   |   |   |
#    +---+---+---+---+---+---+---+---+
#  0 |   |   |   |   |   |   |   |   |
#    +---+---+---+---+---+---+---+---+
# y/x  0   1   2   3   4   5   6   7
2020-05-08 17:57:10,501: DEBUG: white played ('MOVE', 1, (0, 4), (0, 5)) with an evaluation score: 0.0
2020-05-08 17:57:10,552: DEBUG: # 
#    +---+---+---+---+---+---+---+---+
#  7 |   |   |   |   | b1|   |   |   |
#    +---+---+---+---+---+---+---+---+
#  6 |   |   |   |   |   |   |   |   |
#    +---+---+---+---+---+---+---+---+
#  5 | w2|   |   |   |   |   |   |   |
#    +---+---+---+---+---+---+---+---+
#  4 |   |   |   |   |   |   |   |   |
#    +---+---+---+---+---+---+---+---+
#  3 | w1|   | b1|   | b1|   |   |   |
#    +---+---+---+---+---+---+---+---+
#  2 |   |   |   |   |   |   |   |   |
#    +---+---+---+---+---+---+---+---+
#  1 |   |   |   |   |   |   |   |   |
#    +---+---+---+---+---+---+---+---+
#  0 |   |   |   |   |   |   |   |   |
#    +---+---+---+---+---+---+---+---+
# y/x  0   1   2   3   4   5   6   7
2020-05-08 17:57:10,552: DEBUG: white played ('MOVE', 1, (0, 5), (0, 4)) with an evaluation score: 0.0
2020-05-08 17:57:10,598: DEBUG: # 
#    +---+---+---+---+---+---+---+---+
#  7 |   |   |   |   | b1|   |   |   |
#    +---+---+---+---+---+---+---+---+
#  6 |   |   |   |   |   |   |   |   |
#    +---+---+---+---+---+---+---+---+
#  5 | w1|   |   |   |   |   |   |   |
#    +---+---+---+---+---+---+---+---+
#  4 | w1|   |   |   |   |   |   |   |
#    +---+---+---+---+---+---+---+---+
#  3 | w1| b1|   |   | b1|   |   |   |
#    +---+---+---+---+---+---+---+---+
#  2 |   |   |   |   |   |   |   |   |
#    +---+---+---+---+---+---+---+---+
#  1 |   |   |   |   |   |   |   |   |
#    +---+---+---+---+---+---+---+---+
#  0 |   |   |   |   |   |   |   |   |
#    +---+---+---+---+---+---+---+---+
# y/x  0   1   2   3   4   5   6   7
2020-05-08 17:57:10,598: DEBUG: white played ('MOVE', 1, (0, 4), (0, 5)) with an evaluation score: 0.0
2020-05-08 17:57:10,648: DEBUG: # 
#    +---+---+---+---+---+---+---+---+
#  7 |   |   |   |   | b1|   |   |   |
#    +---+---+---+---+---+---+---+---+
#  6 |   |   |   |   |   |   |   |   |
#    +---+---+---+---+---+---+---+---+
#  5 | w2|   |   |   |   |   |   |   |
#    +---+---+---+---+---+---+---+---+
#  4 |   |   |   |   |   |   |   |   |
#    +---+---+---+---+---+---+---+---+
#  3 | w1|   | b1|   | b1|   |   |   |
#    +---+---+---+---+---+---+---+---+
#  2 |   |   |   |   |   |   |   |   |
#    +---+---+---+---+---+---+---+---+
#  1 |   |   |   |   |   |   |   |   |
#    +---+---+---+---+---+---+---+---+
#  0 |   |   |   |   |   |   |   |   |
#    +---+---+---+---+---+---+---+---+
# y/x  0   1   2   3   4   5   6   7
2020-05-08 17:57:10,648: DEBUG: white played ('MOVE', 1, (0, 5), (0, 4)) with an evaluation score: 0.0
2020-05-08 17:57:10,696: DEBUG: # 
#    +---+---+---+---+---+---+---+---+
#  7 |   |   |   |   | b1|   |   |   |
#    +---+---+---+---+---+---+---+---+
#  6 |   |   |   |   |   |   |   |   |
#    +---+---+---+---+---+---+---+---+
#  5 | w1|   |   |   |   |   |   |   |
#    +---+---+---+---+---+---+---+---+
#  4 | w1|   |   |   |   |   |   |   |
#    +---+---+---+---+---+---+---+---+
#  3 | w1| b1|   |   | b1|   |   |   |
#    +---+---+---+---+---+---+---+---+
#  2 |   |   |   |   |   |   |   |   |
#    +---+---+---+---+---+---+---+---+
#  1 |   |   |   |   |   |   |   |   |
#    +---+---+---+---+---+---+---+---+
#  0 |   |   |   |   |   |   |   |   |
#    +---+---+---+---+---+---+---+---+
# y/x  0   1   2   3   4   5   6   7
2020-05-08 17:57:10,697: DEBUG: white played ('MOVE', 1, (0, 4), (0, 5)) with an evaluation score: 0.0
2020-05-08 17:57:10,749: DEBUG: # 
#    +---+---+---+---+---+---+---+---+
#  7 |   |   |   |   | b1|   |   |   |
#    +---+---+---+---+---+---+---+---+
#  6 |   |   |   |   |   |   |   |   |
#    +---+---+---+---+---+---+---+---+
#  5 | w2|   |   |   |   |   |   |   |
#    +---+---+---+---+---+---+---+---+
#  4 |   | b1|   |   |   |   |   |   |
#    +---+---+---+---+---+---+---+---+
#  3 | w1|   |   |   | b1|   |   |   |
#    +---+---+---+---+---+---+---+---+
#  2 |   |   |   |   |   |   |   |   |
#    +---+---+---+---+---+---+---+---+
#  1 |   |   |   |   |   |   |   |   |
#    +---+---+---+---+---+---+---+---+
#  0 |   |   |   |   |   |   |   |   |
#    +---+---+---+---+---+---+---+---+
# y/x  0   1   2   3   4   5   6   7
2020-05-08 17:57:10,749: DEBUG: white played ('MOVE', 2, (0, 5), (0, 6)) with an evaluation score: 0.0
2020-05-08 17:57:10,802: DEBUG: # 
#    +---+---+---+---+---+---+---+---+
#  7 |   |   |   |   | b1|   |   |   |
#    +---+---+---+---+---+---+---+---+
#  6 | w2|   |   |   |   |   |   |   |
#    +---+---+---+---+---+---+---+---+
#  5 |   |   |   |   |   |   |   |   |
#    +---+---+---+---+---+---+---+---+
#  4 |   |   | b1|   |   |   |   |   |
#    +---+---+---+---+---+---+---+---+
#  3 | w1|   |   |   | b1|   |   |   |
#    +---+---+---+---+---+---+---+---+
#  2 |   |   |   |   |   |   |   |   |
#    +---+---+---+---+---+---+---+---+
#  1 |   |   |   |   |   |   |   |   |
#    +---+---+---+---+---+---+---+---+
#  0 |   |   |   |   |   |   |   |   |
#    +---+---+---+---+---+---+---+---+
# y/x  0   1   2   3   4   5   6   7
2020-05-08 17:57:10,802: DEBUG: white played ('MOVE', 1, (0, 3), (0, 2)) with an evaluation score: 0.0
2020-05-08 17:57:10,851: DEBUG: # 
#    +---+---+---+---+---+---+---+---+
#  7 |   |   |   | b1|   |   |   |   |
#    +---+---+---+---+---+---+---+---+
#  6 | w2|   |   |   |   |   |   |   |
#    +---+---+---+---+---+---+---+---+
#  5 |   |   |   |   |   |   |   |   |
#    +---+---+---+---+---+---+---+---+
#  4 |   |   | b1|   |   |   |   |   |
#    +---+---+---+---+---+---+---+---+
#  3 |   |   |   |   | b1|   |   |   |
#    +---+---+---+---+---+---+---+---+
#  2 | w1|   |   |   |   |   |   |   |
#    +---+---+---+---+---+---+---+---+
#  1 |   |   |   |   |   |   |   |   |
#    +---+---+---+---+---+---+---+---+
#  0 |   |   |   |   |   |   |   |   |
#    +---+---+---+---+---+---+---+---+
# y/x  0   1   2   3   4   5   6   7
2020-05-08 17:57:10,851: DEBUG: white played ('MOVE', 1, (0, 6), (0, 5)) with an evaluation score: 0.0
2020-05-08 17:57:10,896: DEBUG: # 
#    +---+---+---+---+---+---+---+---+
#  7 |   |   | b1|   |   |   |   |   |
#    +---+---+---+---+---+---+---+---+
#  6 | w1|   |   |   |   |   |   |   |
#    +---+---+---+---+---+---+---+---+
#  5 | w1|   |   |   |   |   |   |   |
#    +---+---+---+---+---+---+---+---+
#  4 |   |   | b1|   |   |   |   |   |
#    +---+---+---+---+---+---+---+---+
#  3 |   |   |   |   | b1|   |   |   |
#    +---+---+---+---+---+---+---+---+
#  2 | w1|   |   |   |   |   |   |   |
#    +---+---+---+---+---+---+---+---+
#  1 |   |   |   |   |   |   |   |   |
#    +---+---+---+---+---+---+---+---+
#  0 |   |   |   |   |   |   |   |   |
#    +---+---+---+---+---+---+---+---+
# y/x  0   1   2   3   4   5   6   7
2020-05-08 17:57:10,896: DEBUG: white played ('MOVE', 1, (0, 6), (0, 5)) with an evaluation score: 0.0
2020-05-08 17:57:10,948: DEBUG: # 
#    +---+---+---+---+---+---+---+---+
#  7 |   |   | b1|   |   |   |   |   |
#    +---+---+---+---+---+---+---+---+
#  6 |   |   |   |   |   |   |   |   |
#    +---+---+---+---+---+---+---+---+
#  5 | w2|   | b1|   |   |   |   |   |
#    +---+---+---+---+---+---+---+---+
#  4 |   |   |   |   |   |   |   |   |
#    +---+---+---+---+---+---+---+---+
#  3 |   |   |   |   | b1|   |   |   |
#    +---+---+---+---+---+---+---+---+
#  2 | w1|   |   |   |   |   |   |   |
#    +---+---+---+---+---+---+---+---+
#  1 |   |   |   |   |   |   |   |   |
#    +---+---+---+---+---+---+---+---+
#  0 |   |   |   |   |   |   |   |   |
#    +---+---+---+---+---+---+---+---+
# y/x  0   1   2   3   4   5   6   7
2020-05-08 17:57:10,949: DEBUG: white played ('MOVE', 1, (0, 2), (0, 3)) with an evaluation score: 0.0
2020-05-08 17:57:10,997: DEBUG: # 
#    +---+---+---+---+---+---+---+---+
#  7 |   | b1|   |   |   |   |   |   |
#    +---+---+---+---+---+---+---+---+
#  6 |   |   |   |   |   |   |   |   |
#    +---+---+---+---+---+---+---+---+
#  5 | w2|   | b1|   |   |   |   |   |
#    +---+---+---+---+---+---+---+---+
#  4 |   |   |   |   |   |   |   |   |
#    +---+---+---+---+---+---+---+---+
#  3 | w1|   |   |   | b1|   |   |   |
#    +---+---+---+---+---+---+---+---+
#  2 |   |   |   |   |   |   |   |   |
#    +---+---+---+---+---+---+---+---+
#  1 |   |   |   |   |   |   |   |   |
#    +---+---+---+---+---+---+---+---+
#  0 |   |   |   |   |   |   |   |   |
#    +---+---+---+---+---+---+---+---+
# y/x  0   1   2   3   4   5   6   7
2020-05-08 17:57:10,997: DEBUG: white played ('MOVE', 1, (0, 5), (0, 4)) with an evaluation score: 0.0
2020-05-08 17:57:11,052: DEBUG: # 
#    +---+---+---+---+---+---+---+---+
#  7 |   | b1|   |   |   |   |   |   |
#    +---+---+---+---+---+---+---+---+
#  6 |   |   |   |   |   |   |   |   |
#    +---+---+---+---+---+---+---+---+
#  5 | w1|   | b1|   |   |   |   |   |
#    +---+---+---+---+---+---+---+---+
#  4 | w1|   |   |   |   |   |   |   |
#    +---+---+---+---+---+---+---+---+
#  3 | w1|   |   |   |   |   |   |   |
#    +---+---+---+---+---+---+---+---+
#  2 |   |   |   |   | b1|   |   |   |
#    +---+---+---+---+---+---+---+---+
#  1 |   |   |   |   |   |   |   |   |
#    +---+---+---+---+---+---+---+---+
#  0 |   |   |   |   |   |   |   |   |
#    +---+---+---+---+---+---+---+---+
# y/x  0   1   2   3   4   5   6   7
2020-05-08 17:57:11,052: DEBUG: white played ('MOVE', 1, (0, 5), (0, 6)) with an evaluation score: 0.0
2020-05-08 17:57:11,096: DEBUG: # 
#    +---+---+---+---+---+---+---+---+
#  7 |   | b1|   |   |   |   |   |   |
#    +---+---+---+---+---+---+---+---+
#  6 | w1|   |   |   |   |   |   |   |
#    +---+---+---+---+---+---+---+---+
#  5 |   | b1|   |   |   |   |   |   |
#    +---+---+---+---+---+---+---+---+
#  4 | w1|   |   |   |   |   |   |   |
#    +---+---+---+---+---+---+---+---+
#  3 | w1|   |   |   |   |   |   |   |
#    +---+---+---+---+---+---+---+---+
#  2 |   |   |   |   | b1|   |   |   |
#    +---+---+---+---+---+---+---+---+
#  1 |   |   |   |   |   |   |   |   |
#    +---+---+---+---+---+---+---+---+
#  0 |   |   |   |   |   |   |   |   |
#    +---+---+---+---+---+---+---+---+
# y/x  0   1   2   3   4   5   6   7
2020-05-08 17:57:11,097: DEBUG: white played ('MOVE', 1, (0, 3), (0, 2)) with an evaluation score: 0.0
2020-05-08 17:57:11,142: DEBUG: # 
#    +---+---+---+---+---+---+---+---+
#  7 |   |   | b1|   |   |   |   |   |
#    +---+---+---+---+---+---+---+---+
#  6 | w1|   |   |   |   |   |   |   |
#    +---+---+---+---+---+---+---+---+
#  5 |   | b1|   |   |   |   |   |   |
#    +---+---+---+---+---+---+---+---+
#  4 | w1|   |   |   |   |   |   |   |
#    +---+---+---+---+---+---+---+---+
#  3 |   |   |   |   |   |   |   |   |
#    +---+---+---+---+---+---+---+---+
#  2 | w1|   |   |   | b1|   |   |   |
#    +---+---+---+---+---+---+---+---+
#  1 |   |   |   |   |   |   |   |   |
#    +---+---+---+---+---+---+---+---+
#  0 |   |   |   |   |   |   |   |   |
#    +---+---+---+---+---+---+---+---+
# y/x  0   1   2   3   4   5   6   7
2020-05-08 17:57:11,142: DEBUG: white played ('MOVE', 1, (0, 4), (0, 3)) with an evaluation score: 0.0
2020-05-08 17:57:11,189: DEBUG: # 
#    +---+---+---+---+---+---+---+---+
#  7 |   |   | b1|   |   |   |   |   |
#    +---+---+---+---+---+---+---+---+
#  6 | w1|   |   |   |   |   |   |   |
#    +---+---+---+---+---+---+---+---+
#  5 |   |   |   |   |   |   |   |   |
#    +---+---+---+---+---+---+---+---+
#  4 |   | b1|   |   |   |   |   |   |
#    +---+---+---+---+---+---+---+---+
#  3 | w1|   |   |   |   |   |   |   |
#    +---+---+---+---+---+---+---+---+
#  2 | w1|   |   |   | b1|   |   |   |
#    +---+---+---+---+---+---+---+---+
#  1 |   |   |   |   |   |   |   |   |
#    +---+---+---+---+---+---+---+---+
#  0 |   |   |   |   |   |   |   |   |
#    +---+---+---+---+---+---+---+---+
# y/x  0   1   2   3   4   5   6   7
2020-05-08 17:57:11,189: DEBUG: white played ('MOVE', 1, (0, 2), (0, 1)) with an evaluation score: 0.0
2020-05-08 17:57:11,237: DEBUG: # 
#    +---+---+---+---+---+---+---+---+
#  7 |   |   | b1|   |   |   |   |   |
#    +---+---+---+---+---+---+---+---+
#  6 | w1|   |   |   |   |   |   |   |
#    +---+---+---+---+---+---+---+---+
#  5 |   |   |   |   |   |   |   |   |
#    +---+---+---+---+---+---+---+---+
#  4 |   |   | b1|   |   |   |   |   |
#    +---+---+---+---+---+---+---+---+
#  3 | w1|   |   |   |   |   |   |   |
#    +---+---+---+---+---+---+---+---+
#  2 |   |   |   |   | b1|   |   |   |
#    +---+---+---+---+---+---+---+---+
#  1 | w1|   |   |   |   |   |   |   |
#    +---+---+---+---+---+---+---+---+
#  0 |   |   |   |   |   |   |   |   |
#    +---+---+---+---+---+---+---+---+
# y/x  0   1   2   3   4   5   6   7
2020-05-08 17:57:11,237: DEBUG: white played ('MOVE', 1, (0, 6), (0, 5)) with an evaluation score: 0.0
2020-05-08 17:57:11,283: DEBUG: # 
#    +---+---+---+---+---+---+---+---+
#  7 |   |   | b1|   |   |   |   |   |
#    +---+---+---+---+---+---+---+---+
#  6 |   |   |   |   |   |   |   |   |
#    +---+---+---+---+---+---+---+---+
#  5 | w1|   |   |   |   |   |   |   |
#    +---+---+---+---+---+---+---+---+
#  4 |   |   |   |   |   |   |   |   |
#    +---+---+---+---+---+---+---+---+
#  3 | w1|   | b1|   |   |   |   |   |
#    +---+---+---+---+---+---+---+---+
#  2 |   |   |   |   | b1|   |   |   |
#    +---+---+---+---+---+---+---+---+
#  1 | w1|   |   |   |   |   |   |   |
#    +---+---+---+---+---+---+---+---+
#  0 |   |   |   |   |   |   |   |   |
#    +---+---+---+---+---+---+---+---+
# y/x  0   1   2   3   4   5   6   7
2020-05-08 17:57:11,283: DEBUG: white played ('MOVE', 1, (0, 3), (0, 2)) with an evaluation score: 0.0
2020-05-08 17:57:11,334: DEBUG: # 
#    +---+---+---+---+---+---+---+---+
#  7 |   |   |   |   |   |   |   |   |
#    +---+---+---+---+---+---+---+---+
#  6 |   |   | b1|   |   |   |   |   |
#    +---+---+---+---+---+---+---+---+
#  5 | w1|   |   |   |   |   |   |   |
#    +---+---+---+---+---+---+---+---+
#  4 |   |   |   |   |   |   |   |   |
#    +---+---+---+---+---+---+---+---+
#  3 |   |   | b1|   |   |   |   |   |
#    +---+---+---+---+---+---+---+---+
#  2 | w1|   |   |   | b1|   |   |   |
#    +---+---+---+---+---+---+---+---+
#  1 | w1|   |   |   |   |   |   |   |
#    +---+---+---+---+---+---+---+---+
#  0 |   |   |   |   |   |   |   |   |
#    +---+---+---+---+---+---+---+---+
# y/x  0   1   2   3   4   5   6   7
2020-05-08 17:57:11,334: DEBUG: white played ('MOVE', 1, (0, 1), (0, 0)) with an evaluation score: 0.0
2020-05-08 17:57:11,390: DEBUG: # 
#    +---+---+---+---+---+---+---+---+
#  7 |   |   |   |   |   |   |   |   |
#    +---+---+---+---+---+---+---+---+
#  6 |   |   |   |   |   |   |   |   |
#    +---+---+---+---+---+---+---+---+
#  5 | w1|   | b1|   |   |   |   |   |
#    +---+---+---+---+---+---+---+---+
#  4 |   |   |   |   |   |   |   |   |
#    +---+---+---+---+---+---+---+---+
#  3 |   |   | b1|   |   |   |   |   |
#    +---+---+---+---+---+---+---+---+
#  2 | w1|   |   |   | b1|   |   |   |
#    +---+---+---+---+---+---+---+---+
#  1 |   |   |   |   |   |   |   |   |
#    +---+---+---+---+---+---+---+---+
#  0 | w1|   |   |   |   |   |   |   |
#    +---+---+---+---+---+---+---+---+
# y/x  0   1   2   3   4   5   6   7
2020-05-08 17:57:11,390: DEBUG: white played ('MOVE', 1, (0, 5), (0, 4)) with an evaluation score: 0.0
2020-05-08 17:57:11,445: DEBUG: # 
#    +---+---+---+---+---+---+---+---+
#  7 |   |   |   |   |   |   |   |   |
#    +---+---+---+---+---+---+---+---+
#  6 |   |   |   |   |   |   |   |   |
#    +---+---+---+---+---+---+---+---+
#  5 |   |   | b1|   |   |   |   |   |
#    +---+---+---+---+---+---+---+---+
#  4 | w1|   |   |   |   |   |   |   |
#    +---+---+---+---+---+---+---+---+
#  3 |   |   |   |   |   |   |   |   |
#    +---+---+---+---+---+---+---+---+
#  2 | w1|   | b1|   | b1|   |   |   |
#    +---+---+---+---+---+---+---+---+
#  1 |   |   |   |   |   |   |   |   |
#    +---+---+---+---+---+---+---+---+
#  0 | w1|   |   |   |   |   |   |   |
#    +---+---+---+---+---+---+---+---+
# y/x  0   1   2   3   4   5   6   7
2020-05-08 17:57:11,445: DEBUG: white played ('MOVE', 1, (0, 2), (0, 1)) with an evaluation score: 0.0
2020-05-08 17:57:11,501: DEBUG: # 
#    +---+---+---+---+---+---+---+---+
#  7 |   |   |   |   |   |   |   |   |
#    +---+---+---+---+---+---+---+---+
#  6 |   |   |   |   |   |   |   |   |
#    +---+---+---+---+---+---+---+---+
#  5 |   |   | b1|   |   |   |   |   |
#    +---+---+---+---+---+---+---+---+
#  4 | w1|   |   |   |   |   |   |   |
#    +---+---+---+---+---+---+---+---+
#  3 |   |   |   |   |   |   |   |   |
#    +---+---+---+---+---+---+---+---+
#  2 |   |   | b1|   |   |   |   |   |
#    +---+---+---+---+---+---+---+---+
#  1 | w1|   |   |   | b1|   |   |   |
#    +---+---+---+---+---+---+---+---+
#  0 | w1|   |   |   |   |   |   |   |
#    +---+---+---+---+---+---+---+---+
# y/x  0   1   2   3   4   5   6   7
2020-05-08 17:57:11,501: DEBUG: white played ('MOVE', 1, (0, 0), (0, 1)) with an evaluation score: 0.0
2020-05-08 17:57:11,564: DEBUG: # 
#    +---+---+---+---+---+---+---+---+
#  7 |   |   |   |   |   |   |   |   |
#    +---+---+---+---+---+---+---+---+
#  6 |   |   |   |   |   |   |   |   |
#    +---+---+---+---+---+---+---+---+
#  5 |   |   | b1|   |   |   |   |   |
#    +---+---+---+---+---+---+---+---+
#  4 | w1|   |   |   |   |   |   |   |
#    +---+---+---+---+---+---+---+---+
#  3 |   |   |   |   |   |   |   |   |
#    +---+---+---+---+---+---+---+---+
#  2 |   |   |   |   |   |   |   |   |
#    +---+---+---+---+---+---+---+---+
#  1 | w2|   | b1|   | b1|   |   |   |
#    +---+---+---+---+---+---+---+---+
#  0 |   |   |   |   |   |   |   |   |
#    +---+---+---+---+---+---+---+---+
# y/x  0   1   2   3   4   5   6   7
2020-05-08 17:57:11,564: DEBUG: white played ('MOVE', 1, (0, 4), (0, 3)) with an evaluation score: 0.0
2020-05-08 17:57:11,625: DEBUG: # 
#    +---+---+---+---+---+---+---+---+
#  7 |   |   |   |   |   |   |   |   |
#    +---+---+---+---+---+---+---+---+
#  6 |   |   |   |   |   |   |   |   |
#    +---+---+---+---+---+---+---+---+
#  5 |   |   |   |   |   |   |   |   |
#    +---+---+---+---+---+---+---+---+
#  4 |   |   | b1|   |   |   |   |   |
#    +---+---+---+---+---+---+---+---+
#  3 | w1|   |   |   |   |   |   |   |
#    +---+---+---+---+---+---+---+---+
#  2 |   |   |   |   |   |   |   |   |
#    +---+---+---+---+---+---+---+---+
#  1 | w2|   | b1|   | b1|   |   |   |
#    +---+---+---+---+---+---+---+---+
#  0 |   |   |   |   |   |   |   |   |
#    +---+---+---+---+---+---+---+---+
# y/x  0   1   2   3   4   5   6   7
2020-05-08 17:57:11,625: DEBUG: white played ('MOVE', 1, (0, 1), (0, 0)) with an evaluation score: 0.0
2020-05-08 17:57:11,681: DEBUG: # 
#    +---+---+---+---+---+---+---+---+
#  7 |   |   |   |   |   |   |   |   |
#    +---+---+---+---+---+---+---+---+
#  6 |   |   |   |   |   |   |   |   |
#    +---+---+---+---+---+---+---+---+
#  5 |   |   |   |   |   |   |   |   |
#    +---+---+---+---+---+---+---+---+
#  4 |   |   |   |   |   |   |   |   |
#    +---+---+---+---+---+---+---+---+
#  3 | w1|   | b1|   |   |   |   |   |
#    +---+---+---+---+---+---+---+---+
#  2 |   |   |   |   |   |   |   |   |
#    +---+---+---+---+---+---+---+---+
#  1 | w1|   | b1|   | b1|   |   |   |
#    +---+---+---+---+---+---+---+---+
#  0 | w1|   |   |   |   |   |   |   |
#    +---+---+---+---+---+---+---+---+
# y/x  0   1   2   3   4   5   6   7
2020-05-08 17:57:11,681: DEBUG: white played ('MOVE', 1, (0, 1), (0, 0)) with an evaluation score: 0.0
2020-05-08 17:57:11,730: DEBUG: # 
#    +---+---+---+---+---+---+---+---+
#  7 |   |   |   |   |   |   |   |   |
#    +---+---+---+---+---+---+---+---+
#  6 |   |   |   |   |   |   |   |   |
#    +---+---+---+---+---+---+---+---+
#  5 |   |   |   |   |   |   |   |   |
#    +---+---+---+---+---+---+---+---+
#  4 |   |   |   |   |   |   |   |   |
#    +---+---+---+---+---+---+---+---+
#  3 | w1|   | b1|   |   |   |   |   |
#    +---+---+---+---+---+---+---+---+
#  2 |   |   |   |   |   |   |   |   |
#    +---+---+---+---+---+---+---+---+
#  1 |   |   |   |   | b1|   |   |   |
#    +---+---+---+---+---+---+---+---+
#  0 | w2|   | b1|   |   |   |   |   |
#    +---+---+---+---+---+---+---+---+
# y/x  0   1   2   3   4   5   6   7
2020-05-08 17:57:11,730: DEBUG: white played ('MOVE', 1, (0, 3), (0, 2)) with an evaluation score: 0.0
2020-05-08 17:57:11,777: DEBUG: # 
#    +---+---+---+---+---+---+---+---+
#  7 |   |   |   |   |   |   |   |   |
#    +---+---+---+---+---+---+---+---+
#  6 |   |   |   |   |   |   |   |   |
#    +---+---+---+---+---+---+---+---+
#  5 |   |   |   |   |   |   |   |   |
#    +---+---+---+---+---+---+---+---+
#  4 |   |   |   |   |   |   |   |   |
#    +---+---+---+---+---+---+---+---+
#  3 |   |   |   |   |   |   |   |   |
#    +---+---+---+---+---+---+---+---+
#  2 | w1|   | b1|   |   |   |   |   |
#    +---+---+---+---+---+---+---+---+
#  1 |   |   |   |   | b1|   |   |   |
#    +---+---+---+---+---+---+---+---+
#  0 | w2|   | b1|   |   |   |   |   |
#    +---+---+---+---+---+---+---+---+
# y/x  0   1   2   3   4   5   6   7
2020-05-08 17:57:11,777: DEBUG: white played ('MOVE', 1, (0, 0), (0, 1)) with an evaluation score: 0.0
2020-05-08 17:57:11,818: DEBUG: # 
#    +---+---+---+---+---+---+---+---+
#  7 |   |   |   |   |   |   |   |   |
#    +---+---+---+---+---+---+---+---+
#  6 |   |   |   |   |   |   |   |   |
#    +---+---+---+---+---+---+---+---+
#  5 |   |   |   |   |   |   |   |   |
#    +---+---+---+---+---+---+---+---+
#  4 |   |   |   |   |   |   |   |   |
#    +---+---+---+---+---+---+---+---+
#  3 |   |   |   |   |   |   |   |   |
#    +---+---+---+---+---+---+---+---+
#  2 | w1|   | b1|   |   |   |   |   |
#    +---+---+---+---+---+---+---+---+
#  1 | w1|   |   |   | b1|   |   |   |
#    +---+---+---+---+---+---+---+---+
#  0 | w1| b1|   |   |   |   |   |   |
#    +---+---+---+---+---+---+---+---+
# y/x  0   1   2   3   4   5   6   7
2020-05-08 17:57:11,818: DEBUG: white played ('MOVE', 1, (0, 1), (0, 2)) with an evaluation score: 0.0
2020-05-08 17:57:11,864: DEBUG: # 
#    +---+---+---+---+---+---+---+---+
#  7 |   |   |   |   |   |   |   |   |
#    +---+---+---+---+---+---+---+---+
#  6 |   |   |   |   |   |   |   |   |
#    +---+---+---+---+---+---+---+---+
#  5 |   |   |   |   |   |   |   |   |
#    +---+---+---+---+---+---+---+---+
#  4 |   |   |   |   |   |   |   |   |
#    +---+---+---+---+---+---+---+---+
#  3 |   |   |   |   |   |   |   |   |
#    +---+---+---+---+---+---+---+---+
#  2 | w2| b1|   |   |   |   |   |   |
#    +---+---+---+---+---+---+---+---+
#  1 |   |   |   |   | b1|   |   |   |
#    +---+---+---+---+---+---+---+---+
#  0 | w1| b1|   |   |   |   |   |   |
#    +---+---+---+---+---+---+---+---+
# y/x  0   1   2   3   4   5   6   7
2020-05-08 17:57:11,864: DEBUG: white played ('MOVE', 1, (0, 2), (0, 4)) with an evaluation score: 0.0
2020-05-08 17:57:11,904: DEBUG: # 
#    +---+---+---+---+---+---+---+---+
#  7 |   |   |   |   |   |   |   |   |
#    +---+---+---+---+---+---+---+---+
#  6 |   |   |   |   |   |   |   |   |
#    +---+---+---+---+---+---+---+---+
#  5 |   |   |   |   |   |   |   |   |
#    +---+---+---+---+---+---+---+---+
#  4 | w1|   |   |   |   |   |   |   |
#    +---+---+---+---+---+---+---+---+
#  3 |   |   |   |   |   |   |   |   |
#    +---+---+---+---+---+---+---+---+
#  2 | w1| b1|   |   | b1|   |   |   |
#    +---+---+---+---+---+---+---+---+
#  1 |   |   |   |   |   |   |   |   |
#    +---+---+---+---+---+---+---+---+
#  0 | w1| b1|   |   |   |   |   |   |
#    +---+---+---+---+---+---+---+---+
# y/x  0   1   2   3   4   5   6   7
2020-05-08 17:57:11,905: DEBUG: white played ('BOOM', (0, 0)) with an evaluation score: 0.0
2020-05-08 17:57:11,940: DEBUG: # 
#    +---+---+---+---+---+---+---+---+
#  7 |   |   |   |   |   |   |   |   |
#    +---+---+---+---+---+---+---+---+
#  6 |   |   |   |   |   |   |   |   |
#    +---+---+---+---+---+---+---+---+
#  5 |   |   |   |   |   |   |   |   |
#    +---+---+---+---+---+---+---+---+
#  4 | w1|   |   |   |   |   |   |   |
#    +---+---+---+---+---+---+---+---+
#  3 |   | b1|   |   |   |   |   |   |
#    +---+---+---+---+---+---+---+---+
#  2 | w1|   |   |   | b1|   |   |   |
#    +---+---+---+---+---+---+---+---+
#  1 |   |   |   |   |   |   |   |   |
#    +---+---+---+---+---+---+---+---+
#  0 |   |   |   |   |   |   |   |   |
#    +---+---+---+---+---+---+---+---+
# y/x  0   1   2   3   4   5   6   7
2020-05-08 17:57:11,940: DEBUG: white played ('MOVE', 1, (0, 2), (0, 1)) with an evaluation score: 0.0
2020-05-08 17:57:11,974: DEBUG: # 
#    +---+---+---+---+---+---+---+---+
#  7 |   |   |   |   |   |   |   |   |
#    +---+---+---+---+---+---+---+---+
#  6 |   |   |   |   |   |   |   |   |
#    +---+---+---+---+---+---+---+---+
#  5 |   |   |   |   |   |   |   |   |
#    +---+---+---+---+---+---+---+---+
#  4 | w1|   |   |   |   |   |   |   |
#    +---+---+---+---+---+---+---+---+
#  3 |   |   | b1|   |   |   |   |   |
#    +---+---+---+---+---+---+---+---+
#  2 |   |   |   |   | b1|   |   |   |
#    +---+---+---+---+---+---+---+---+
#  1 | w1|   |   |   |   |   |   |   |
#    +---+---+---+---+---+---+---+---+
#  0 |   |   |   |   |   |   |   |   |
#    +---+---+---+---+---+---+---+---+
# y/x  0   1   2   3   4   5   6   7
2020-05-08 17:57:11,974: DEBUG: white played ('MOVE', 1, (0, 4), (0, 3)) with an evaluation score: 0.0
2020-05-08 17:57:12,009: DEBUG: # 
#    +---+---+---+---+---+---+---+---+
#  7 |   |   |   |   |   |   |   |   |
#    +---+---+---+---+---+---+---+---+
#  6 |   |   |   |   |   |   |   |   |
#    +---+---+---+---+---+---+---+---+
#  5 |   |   |   |   |   |   |   |   |
#    +---+---+---+---+---+---+---+---+
#  4 |   |   | b1|   |   |   |   |   |
#    +---+---+---+---+---+---+---+---+
#  3 | w1|   |   |   |   |   |   |   |
#    +---+---+---+---+---+---+---+---+
#  2 |   |   |   |   | b1|   |   |   |
#    +---+---+---+---+---+---+---+---+
#  1 | w1|   |   |   |   |   |   |   |
#    +---+---+---+---+---+---+---+---+
#  0 |   |   |   |   |   |   |   |   |
#    +---+---+---+---+---+---+---+---+
# y/x  0   1   2   3   4   5   6   7
2020-05-08 17:57:12,009: DEBUG: white played ('MOVE', 1, (0, 1), (0, 0)) with an evaluation score: 0.0
2020-05-08 17:57:12,043: DEBUG: # 
#    +---+---+---+---+---+---+---+---+
#  7 |   |   |   |   |   |   |   |   |
#    +---+---+---+---+---+---+---+---+
#  6 |   |   |   |   |   |   |   |   |
#    +---+---+---+---+---+---+---+---+
#  5 |   |   |   |   |   |   |   |   |
#    +---+---+---+---+---+---+---+---+
#  4 |   |   | b1|   |   |   |   |   |
#    +---+---+---+---+---+---+---+---+
#  3 | w1|   |   |   |   |   |   |   |
#    +---+---+---+---+---+---+---+---+
#  2 |   |   |   | b1|   |   |   |   |
#    +---+---+---+---+---+---+---+---+
#  1 |   |   |   |   |   |   |   |   |
#    +---+---+---+---+---+---+---+---+
#  0 | w1|   |   |   |   |   |   |   |
#    +---+---+---+---+---+---+---+---+
# y/x  0   1   2   3   4   5   6   7
2020-05-08 17:57:12,043: DEBUG: white played ('MOVE', 1, (0, 3), (0, 2)) with an evaluation score: 0.0
2020-05-08 17:57:12,081: DEBUG: # 
#    +---+---+---+---+---+---+---+---+
#  7 |   |   |   |   |   |   |   |   |
#    +---+---+---+---+---+---+---+---+
#  6 |   |   |   |   |   |   |   |   |
#    +---+---+---+---+---+---+---+---+
#  5 |   |   |   |   |   |   |   |   |
#    +---+---+---+---+---+---+---+---+
#  4 |   |   | b1|   |   |   |   |   |
#    +---+---+---+---+---+---+---+---+
#  3 |   |   |   |   |   |   |   |   |
#    +---+---+---+---+---+---+---+---+
#  2 | w1|   | b1|   |   |   |   |   |
#    +---+---+---+---+---+---+---+---+
#  1 |   |   |   |   |   |   |   |   |
#    +---+---+---+---+---+---+---+---+
#  0 | w1|   |   |   |   |   |   |   |
#    +---+---+---+---+---+---+---+---+
# y/x  0   1   2   3   4   5   6   7
2020-05-08 17:57:12,081: DEBUG: white played ('MOVE', 1, (0, 0), (0, 1)) with an evaluation score: 0.0
2020-05-08 17:57:12,120: DEBUG: # 
#    +---+---+---+---+---+---+---+---+
#  7 |   |   |   |   |   |   |   |   |
#    +---+---+---+---+---+---+---+---+
#  6 |   |   |   |   |   |   |   |   |
#    +---+---+---+---+---+---+---+---+
#  5 |   |   |   |   |   |   |   |   |
#    +---+---+---+---+---+---+---+---+
#  4 |   | b1|   |   |   |   |   |   |
#    +---+---+---+---+---+---+---+---+
#  3 |   |   |   |   |   |   |   |   |
#    +---+---+---+---+---+---+---+---+
#  2 | w1|   | b1|   |   |   |   |   |
#    +---+---+---+---+---+---+---+---+
#  1 | w1|   |   |   |   |   |   |   |
#    +---+---+---+---+---+---+---+---+
#  0 |   |   |   |   |   |   |   |   |
#    +---+---+---+---+---+---+---+---+
# y/x  0   1   2   3   4   5   6   7
2020-05-08 17:57:12,120: DEBUG: white played ('MOVE', 1, (0, 2), (0, 1)) with an evaluation score: 0.0
2020-05-08 17:57:12,166: DEBUG: # 
#    +---+---+---+---+---+---+---+---+
#  7 |   |   |   |   |   |   |   |   |
#    +---+---+---+---+---+---+---+---+
#  6 |   |   |   |   |   |   |   |   |
#    +---+---+---+---+---+---+---+---+
#  5 |   |   |   |   |   |   |   |   |
#    +---+---+---+---+---+---+---+---+
#  4 |   | b1|   |   |   |   |   |   |
#    +---+---+---+---+---+---+---+---+
#  3 |   |   |   |   |   |   |   |   |
#    +---+---+---+---+---+---+---+---+
#  2 |   | b1|   |   |   |   |   |   |
#    +---+---+---+---+---+---+---+---+
#  1 | w2|   |   |   |   |   |   |   |
#    +---+---+---+---+---+---+---+---+
#  0 |   |   |   |   |   |   |   |   |
#    +---+---+---+---+---+---+---+---+
# y/x  0   1   2   3   4   5   6   7
2020-05-08 17:57:12,166: DEBUG: white played ('MOVE', 2, (0, 1), (0, 0)) with an evaluation score: 0.0
2020-05-08 17:57:12,202: DEBUG: # 
#    +---+---+---+---+---+---+---+---+
#  7 |   |   |   |   |   |   |   |   |
#    +---+---+---+---+---+---+---+---+
#  6 |   |   |   |   |   |   |   |   |
#    +---+---+---+---+---+---+---+---+
#  5 |   |   |   |   |   |   |   |   |
#    +---+---+---+---+---+---+---+---+
#  4 |   | b1|   |   |   |   |   |   |
#    +---+---+---+---+---+---+---+---+
#  3 |   |   |   |   |   |   |   |   |
#    +---+---+---+---+---+---+---+---+
#  2 |   |   |   |   |   |   |   |   |
#    +---+---+---+---+---+---+---+---+
#  1 |   | b1|   |   |   |   |   |   |
#    +---+---+---+---+---+---+---+---+
#  0 | w2|   |   |   |   |   |   |   |
#    +---+---+---+---+---+---+---+---+
# y/x  0   1   2   3   4   5   6   7
2020-05-08 17:57:12,202: DEBUG: white played ('BOOM', (0, 0)) with an evaluation score: -1
