2020-05-02 00:17:12,574: DEBUG: ------------------- New Training Session ----------------
2020-05-02 00:18:00,891: DEBUG: [ -1.9997966    0.34507876  -2.77879617 -11.53595345  11.12759299]
2020-05-02 00:18:07,720: DEBUG: [ -1.9997966    0.47398379  -3.89624905 -10.90774487  10.49938441]
2020-05-02 00:18:15,239: DEBUG: [ -1.9997966    0.47398379  -3.54915979 -10.17967319   9.77131272]
2020-05-02 00:18:21,515: DEBUG: [ -1.9997966    0.41366738  -3.30638349 -10.17909487   9.77073441]
2020-05-02 00:18:39,697: DEBUG: [ -7.78005552  -4.35356931   2.98393329   8.84023654 -15.02885592]
2020-05-02 00:18:47,423: DEBUG: [ -7.52628619  -4.3063858    3.03111681   8.11668184 -14.05153189]
2020-05-02 00:18:59,216: DEBUG: [ -4.20625651   8.0704712   -1.33452302   7.48734557 -10.10216594]
2020-05-02 00:19:08,725: DEBUG: [-4.20625651  5.18143765 -0.72998448  6.44616824 -9.06098861]
2020-05-02 00:20:09,179: DEBUG: [  2.95927767  11.43055714   4.31915955 -14.4783587   19.02907251]
2020-05-02 00:21:01,615: DEBUG: [  2.95927767  11.43055714   4.31915955 -14.4783587   19.02907251]
2020-05-02 00:21:31,722: DEBUG: ------------------- New Training Session ----------------
2020-05-02 00:21:44,542: DEBUG: [  2.95927765  11.43055712   4.31915935 -14.47835872  19.02907251]
2020-05-02 00:21:50,363: DEBUG: [  2.95927765  11.43055712   4.31915935 -13.76195885  18.31267264]
2020-05-02 00:21:58,496: DEBUG: [  2.95927765  11.43055712   4.31915935 -13.76195885  18.31267264]
2020-05-02 00:22:22,100: DEBUG: [  2.95927673  11.4305562    4.31915889 -13.7619479   18.31266077]
2020-05-02 00:26:00,936: DEBUG: ------------------- New Training Session ----------------
2020-05-02 00:26:08,934: DEBUG: [  2.95927673  11.1439694    5.19390653 -10.65692772  15.20764059]
2020-05-02 00:26:13,827: DEBUG: [  2.95927673  11.1791211    5.04015656 -10.34790859  14.89862146]
2020-05-02 00:26:21,332: DEBUG: [ 2.95927673 13.56670799  6.96731917 -4.00533013  8.556043  ]
2020-05-02 00:26:33,949: DEBUG: [ 2.95927673 13.56670799  6.96731917 -4.00533013  8.556043  ]
2020-05-02 00:26:49,231: DEBUG: [ 2.95927673 13.56670799  6.96731917 -4.00533013  8.556043  ]
2020-05-02 00:28:14,197: DEBUG: ------------------- New Training Session ----------------
2020-05-02 00:28:26,814: DEBUG: [ 2.95927673 13.56670799  6.96731917 -4.00533013  8.556043  ]
2020-05-02 00:34:23,007: DEBUG: ------------------- New Training Session ----------------
2020-05-02 00:34:36,805: DEBUG: [ 2.95927673 13.56670799  6.96731917 -4.00533013  8.556043  ]
2020-05-02 00:34:44,580: DEBUG: [ 2.95927673 13.08621673  6.86929948 -3.76037217  8.31108504]
2020-05-02 00:34:52,581: DEBUG: [ 2.95927673 13.25777912  5.69813499 -3.03180734  7.58252021]
2020-05-02 00:34:57,735: DEBUG: [ 2.95927673 13.25862002  5.69273507 -2.83888947  7.38960234]
2020-05-02 00:35:03,682: DEBUG: [ 2.95927673 12.9172975   5.35141786 -2.83888947  7.38960234]
2020-05-02 00:35:17,010: DEBUG: [ 2.95927673 12.9172975   5.35141786 -2.83888947  7.38960234]
2020-05-02 00:35:23,341: DEBUG: [ 2.76393175 12.19027939  5.3498587  -2.74550969  7.10087758]
2020-05-02 00:35:30,284: DEBUG: [ 2.76393175  9.57842712  5.51545917 -1.06654625  5.42191414]
2020-05-02 00:35:36,083: DEBUG: [ 2.76393175  9.57842712  5.51545854 -0.96852538  5.32389326]
2020-05-02 00:35:44,504: DEBUG: [2.76393175e+00 6.01065287e+00 4.33762789e+00 4.98895326e-03
 4.35037894e+00]
2020-05-02 00:35:49,935: DEBUG: [2.76393175 6.00889835 4.33756361 0.18601273 4.16935515]
2020-05-02 00:35:56,043: DEBUG: [2.76393175 6.00889834 4.33756361 0.18601275 4.16935514]
2020-05-02 00:36:00,507: DEBUG: [2.16464531 5.13423332 2.67444855 0.07814035 3.6779411 ]
2020-05-02 00:36:05,981: DEBUG: [2.16464531 5.13423332 2.67444855 0.95374035 2.8023411 ]
2020-05-02 00:36:11,528: DEBUG: [ 2.16464531  3.01151195  2.50216526  4.57229516 -0.8162137 ]
2020-05-02 00:36:17,504: DEBUG: [-6.0027674  -4.20339328  2.43746184 -8.56926001  4.15792875]
2020-05-02 00:36:25,675: DEBUG: [-6.0027674   4.75662548 -9.51684808 -6.88545284  2.47412158]
2020-05-02 00:36:35,642: DEBUG: [-5.48379705  5.08053473 -5.91945446 -1.46216142 -2.43019949]
2020-05-02 00:36:48,157: DEBUG: [-5.48379693  5.08053374 -5.91944125 -1.46216133 -2.43019945]
2020-05-02 00:36:53,713: DEBUG: [-5.25783084  5.65911926 -2.33394364 -3.33135617 -0.33503852]
2020-05-02 00:37:00,102: DEBUG: [-5.25739648  5.65898459 -2.33379886 -3.33077703 -0.33518331]
2020-05-02 00:37:09,376: DEBUG: [ -6.7885809    3.61439302  -3.74290955   8.20706074 -13.4042055 ]
2020-05-02 00:37:18,314: DEBUG: [ -8.38079975  -0.07226488   4.10473748   4.63339993 -11.42276355]
2020-05-02 00:37:26,754: DEBUG: [-8.38079975  0.04925543  2.84822169  2.93041127 -9.71977488]
2020-05-02 00:37:32,885: DEBUG: ------------------- New Training Session ----------------
2020-05-02 00:37:44,456: DEBUG: [-8.38079975  0.04925543  2.84822169  2.79454197 -9.58390558]
2020-05-02 00:37:50,770: DEBUG: [-8.38079975  0.04925543  2.84822169  2.69652207 -9.48588568]
2020-05-02 00:38:03,363: DEBUG: [-8.38079975  0.17924258  2.03105904 -4.5693699  -2.21999371]
2020-05-02 00:38:15,195: DEBUG: [-10.76661651   7.34438712   1.95479771   9.75866537 -18.93384574]
2020-05-02 00:38:23,601: DEBUG: [-11.05114698   8.4107284    1.61754951   5.86673211 -15.32644295]
2020-05-02 00:38:31,886: DEBUG: [-10.20870734   9.72736825   0.72689338   4.62404197 -13.24131317]
2020-05-02 00:38:40,023: DEBUG: [-10.20870734   9.72736825   0.23010241   4.29529815 -12.91256934]
2020-05-02 00:38:46,262: DEBUG: [-10.20870734   9.55440275   0.40277514   3.97342993 -12.59070112]
2020-05-02 00:38:52,604: DEBUG: [-10.20870734   9.55440275   0.40277514   3.81891932 -12.43619051]
2020-05-02 00:39:04,434: DEBUG: [-9.69355153 10.06955849  0.91792632 -1.32779733 -6.77431806]
2020-05-02 00:42:10,526: DEBUG: ------------------- New Training Session ----------------
2020-05-02 00:42:18,698: DEBUG: [0.03128415 0.04548255 0.69415288 0.16588029 0.37511671]
2020-05-02 00:42:25,689: DEBUG: [ 0.03128415  0.58281225 -0.30658275  4.03196723 -3.49097023]
2020-05-02 00:42:36,146: DEBUG: [ 0.03128415  0.58281225 -0.30658276  4.03196723 -3.49097023]
2020-05-02 00:42:42,268: DEBUG: [ 0.03128415  0.5254804  -0.30658276  3.99451029 -3.45351328]
2020-05-02 00:42:47,914: DEBUG: [ 0.03128415  0.52131508 -0.59066656  3.75125118 -3.21025417]
2020-05-02 00:42:59,673: DEBUG: [ 9.55678326 10.107232    7.401453   -5.60433401 15.67083013]
2020-05-02 00:43:14,933: DEBUG: [ 9.55678326  9.11283388 -0.91573913  2.41605096  7.65044515]
2020-05-02 00:43:25,058: DEBUG: [ 9.55678326 -3.7321366  -4.92061187  3.58598706  6.48050906]
2020-05-02 00:43:33,277: DEBUG: [ 9.55678326 -3.73165562 -4.9201309   3.62770835  6.43878777]
2020-05-02 00:43:39,910: DEBUG: [ 9.55678326 -1.87098672 -4.96100771  4.59486304  5.47163307]
2020-05-02 00:43:50,033: DEBUG: [  9.55678049   4.8701902    1.78016992  41.6713044  -31.60481106]
2020-05-02 00:43:57,093: DEBUG: [  9.55678049   4.84779236   2.19167095  41.25265812 -31.18616477]
2020-05-02 00:44:10,780: DEBUG: [  9.55678049   6.24369418   3.0742441   26.62472584 -16.55823249]
2020-05-02 00:44:21,018: DEBUG: [17.7714374   5.06138329  3.16788896 15.19997949  3.08117077]
2020-05-02 00:44:30,321: DEBUG: [17.7714374   5.05944854  1.45522764 15.06441699  3.21673327]
2020-05-02 00:44:37,605: DEBUG: [17.7714374   4.62625873  1.45522764 14.80190861  3.47924164]
2020-05-02 00:44:45,306: DEBUG: [17.7714374   4.62625873  1.42303373 14.78595103  3.49519923]
2020-05-02 00:44:52,008: DEBUG: [20.77258365  3.62587702  0.42265207  8.84305953 12.43923698]
2020-05-02 00:44:59,204: DEBUG: [20.77258365  3.30432608  0.69258206  9.51146135 11.77083516]
2020-05-02 00:45:12,775: DEBUG: [20.77258365  3.30432608  0.69258206  9.51146135 11.77083516]
2020-05-02 00:48:22,034: DEBUG: ------------------- New Training Session ----------------
2020-05-02 00:49:02,554: DEBUG: [ 20.77258365  17.69335034  20.11385008  58.26460031 -36.9823038 ]
2020-05-02 00:49:14,287: DEBUG: [ 20.77258365  17.69335034  20.11385008  58.26460031 -36.9823038 ]
2020-05-02 00:49:33,929: DEBUG: [ 21.91999863  18.07582237  20.49632174  58.26460031 -35.83488882]
2020-05-02 00:49:43,065: DEBUG: [ 21.91999863  18.07582237  20.49632174  58.22480031 -35.79508882]
2020-05-02 00:50:03,221: DEBUG: [ 26.29023213  18.80419462  21.22469399  56.76805581 -29.96811082]
2020-05-02 00:50:19,493: DEBUG: [ 26.29023213  18.80419462  21.22469399  56.76805581 -29.96811082]
2020-05-02 00:50:41,785: DEBUG: [ 31.38597513  18.80419462  21.22469399  53.37089381 -21.47520582]
2020-05-02 00:50:56,077: DEBUG: [ 31.38597513  18.80419462  21.22469399  53.37089381 -21.47520582]
2020-05-02 00:51:25,380: DEBUG: [33.03117076 20.3200044  21.22623152 24.88039526  8.66048836]
2020-05-02 00:51:35,113: DEBUG: [36.86844658 20.3200044  23.14486943  9.53129198 27.84686745]
2020-05-02 00:51:45,631: DEBUG: [36.86844658 20.3200044  23.14486943  9.53129198 27.84686745]
2020-05-02 00:51:59,188: DEBUG: [36.9572093  20.40876711 22.13355991 10.32277066 27.14415149]
2020-05-02 00:52:23,020: DEBUG: [36.9572093  20.40876711 22.13355991 10.32277066 27.14415149]
2020-05-02 00:52:42,707: DEBUG: [37.8113214  20.44156689 21.24499055 13.73931925 24.581715  ]
2020-05-02 00:53:00,804: DEBUG: [37.8113214  24.27884271 26.17536141 37.17003891  1.15099534]
2020-05-02 00:53:15,180: DEBUG: [37.8113214  24.27884271 26.17536141 37.17003891  1.15099534]
2020-05-02 00:53:32,556: DEBUG: [40.22253849 19.37191705 23.77832042 29.74246756 10.98978378]
2020-05-02 00:53:42,370: DEBUG: [40.22253849 19.37191705 23.77832042 29.74246756 10.98978378]
2020-05-02 00:54:02,377: DEBUG: [40.45291954 14.90606231 25.6655928  25.04639866 15.91623374]
2020-05-02 00:54:16,489: DEBUG: [40.45291954 14.90606231 25.66559274 20.81109113 20.15154127]
2020-05-02 00:58:58,013: DEBUG: ------------------- New Training Session ----------------
2020-05-02 00:59:18,507: DEBUG: [41.22237945 12.5519259  24.12667216 22.35001278 19.38207953]
2020-05-02 00:59:33,387: DEBUG: ------------------- New Training Session ----------------
2020-05-02 00:59:59,200: DEBUG: [41.22653965 10.04854294 24.12251196 17.34740705 24.38884545]
2020-05-02 01:01:03,144: DEBUG: ------------------- New Training Session ----------------
2020-05-02 01:01:38,930: DEBUG: [41.16713765 16.51070443 27.3238917  43.81420622 -2.13735571]
2020-05-02 01:04:00,544: DEBUG: ------------------- New Training Session ----------------
2020-05-02 01:04:29,359: DEBUG: [42.88460571 16.94007145 26.89452469 42.09673815  1.29758041]
2020-05-02 01:04:44,067: DEBUG: [42.88460571 16.94007145 26.89452469 42.09673815  1.29758041]
2020-05-02 01:05:12,813: DEBUG: [45.2217149  16.16103505 26.11548829 39.75962897  5.97179879]
2020-05-02 01:05:26,087: DEBUG: [46.804367   16.16103505 27.17058969 36.06677407 11.24730578]
2020-05-02 01:05:47,517: DEBUG: [46.804367   16.16103505 27.17058969 35.89429411 11.41978574]
2020-05-02 01:05:56,990: DEBUG: [46.804367   16.16103505 27.17058969 35.89429411 11.41978574]
2020-05-02 01:06:13,271: DEBUG: [48.02384398 14.94155807 25.9511127  33.45534014 15.07821669]
2020-05-02 01:06:21,629: DEBUG: [48.02384398 14.25547466 25.2650293  25.90842267 22.62513417]
2020-05-02 01:06:52,529: DEBUG: [48.02384335 14.25547339 25.26502803 25.81761067 22.71594553]
2020-05-02 01:07:06,853: DEBUG: [48.02196401 14.24369909 26.04273834 16.50141042 32.03026645]
2020-05-02 01:07:20,969: DEBUG: [48.02196401 14.24369909 26.04273834 16.65741042 31.87426645]
2020-05-02 01:07:33,805: DEBUG: [48.02196401 14.24369909 26.04273834 16.65741042 31.87426645]
2020-05-02 01:07:50,449: DEBUG: [48.02196401 14.24369909 26.04273834 16.65741042 31.87426645]
2020-05-02 01:08:08,574: DEBUG: [48.54950894 13.71615374 25.51518987 18.24005463 30.81916717]
2020-05-02 01:08:24,049: DEBUG: [48.54950894 13.71615374 27.65075041 26.07044326 22.98877854]
2020-05-02 01:08:37,392: DEBUG: [48.54950894 13.63815374 27.65075041 25.79744326 23.26177854]
2020-05-02 01:08:55,537: DEBUG: [48.54950894 12.97801343 26.9906101  25.53354221 23.52567959]
2020-05-02 01:09:06,911: DEBUG: [48.54950894 12.1926531  26.9906101  17.67993888 31.37928292]
2020-05-02 01:09:28,038: DEBUG: [48.54950894 12.1926531  26.9906101  17.67993888 31.37928292]
2020-05-02 01:09:51,291: DEBUG: [49.17722029 11.48208149 24.99487319 21.72822663 27.95870651]
2020-05-02 01:10:54,332: DEBUG: ------------------- New Training Session ----------------
2020-05-02 01:11:44,633: DEBUG: [ 49.17722029  43.47190129  24.99487319 103.75208184 -54.0651487 ]
2020-05-02 01:12:05,158: DEBUG: [47.58022337 32.26862671 17.00904577 53.40660444 -5.31666822]
2020-05-02 01:12:22,337: DEBUG: [57.21053683 32.26862671 17.00904577 43.77629098 13.9439587 ]
2020-05-02 01:12:40,031: DEBUG: [57.21053683 32.26862671 17.00904577 43.77629098 13.9439587 ]
2020-05-02 01:13:06,392: DEBUG: [57.40561044 27.97495849 20.91256676 34.08900469 23.8263186 ]
2020-05-02 01:13:18,859: DEBUG: [ 57.40561044   5.55825525  35.85703559 -48.10557387 106.02089717]
2020-05-02 01:14:31,379: DEBUG: ------------------- New Training Session ----------------
2020-05-02 01:16:14,355: DEBUG: ------------------- New Training Session ----------------
2020-05-02 01:16:26,150: DEBUG: [ 5.74056104  5.55825525  3.58570356 -4.81055739  1.06020897]
2020-05-02 01:16:38,486: DEBUG: [ 5.74056104  5.55825525  3.58570356 -4.81055739  1.06020897]
2020-05-02 01:17:09,075: DEBUG: [  5.74056104  10.75218875  30.21757017  43.49422702 -47.24457544]
2020-05-02 01:17:20,572: DEBUG: [  5.74056104  10.75218875  30.21757017  43.49422702 -47.24457544]
2020-05-02 01:17:39,726: DEBUG: [  5.74056104  10.75218875  30.21757017  41.65566737 -45.40601579]
2020-05-02 01:17:52,214: DEBUG: [  5.74056104  10.75218875  30.21757017  41.65566737 -45.40601579]
2020-05-02 01:18:10,893: DEBUG: [ 13.99838383  12.76395013  27.9934253   45.72867197 -41.2211976 ]
2020-05-02 01:18:24,347: DEBUG: [ 20.19560962  15.50800662  22.27676806  31.89392365 -21.18922348]
2020-05-02 01:18:48,896: DEBUG: [42.78327278 30.64724087 22.28177881 24.26298662  9.0293767 ]
2020-05-02 01:19:02,393: DEBUG: [ 42.78327278  22.73489396  22.28177881 -62.77282934  96.06519266]
2020-05-02 01:19:14,248: DEBUG: [ 39.19597547  19.99266852  21.08601275 -43.7361112   73.44117721]
2020-05-02 01:19:24,856: DEBUG: [ 46.55021389  19.99266858  21.08601275 -36.38187245  73.44117688]
