2020-05-02 00:37:44,414: DEBUG: ------------------------------------------------------------------
2020-05-02 00:37:44,414: DEBUG: white: ('ok_boomer_tdleaf', 'Player')
2020-05-02 00:37:44,414: DEBUG: black: ('ok_boomer_alphabeta', 'Player')
2020-05-02 00:37:44,414: DEBUG: draw detected: no tokens remaining
2020-05-02 00:37:44,414: DEBUG: time:  + 0.000s  (just elapsed)    5.766s  (game total)
2020-05-02 00:37:44,414: DEBUG: time:  + 0.000s  (just elapsed)    3.109s  (game total)
2020-05-02 00:37:50,725: DEBUG: ------------------------------------------------------------------
2020-05-02 00:37:50,725: DEBUG: white: ('ok_boomer_alphabeta', 'Player')
2020-05-02 00:37:50,725: DEBUG: black: ('ok_boomer_tdleaf', 'Player')
2020-05-02 00:37:50,725: DEBUG: draw detected: no tokens remaining
2020-05-02 00:37:50,725: DEBUG: time:  + 0.000s  (just elapsed)    1.219s  (game total)
2020-05-02 00:37:50,725: DEBUG: time:  + 0.000s  (just elapsed)    3.031s  (game total)
2020-05-02 00:38:03,309: DEBUG: ------------------------------------------------------------------
2020-05-02 00:38:03,309: DEBUG: white: ('ok_boomer_tdleaf', 'Player')
2020-05-02 00:38:03,309: DEBUG: black: ('ok_boomer_alphabeta', 'Player')
2020-05-02 00:38:03,309: DEBUG: draw detected: game state occurred 4 times.
2020-05-02 00:38:03,309: DEBUG: time:  + 0.000s  (just elapsed)    5.281s  (game total)
2020-05-02 00:38:03,309: DEBUG: time:  + 0.000s  (just elapsed)    3.500s  (game total)
2020-05-02 00:38:15,113: DEBUG: ------------------------------------------------------------------
2020-05-02 00:38:15,114: DEBUG: white: ('ok_boomer_alphabeta', 'Player')
2020-05-02 00:38:15,114: DEBUG: black: ('ok_boomer_tdleaf', 'Player')
2020-05-02 00:38:15,114: DEBUG: draw detected: game state occurred 4 times.
2020-05-02 00:38:15,114: DEBUG: time:  + 0.000s  (just elapsed)    2.156s  (game total)
2020-05-02 00:38:15,114: DEBUG: time:  + 0.000s  (just elapsed)    5.484s  (game total)
2020-05-02 00:38:23,558: DEBUG: ------------------------------------------------------------------
2020-05-02 00:38:23,559: DEBUG: white: ('ok_boomer_tdleaf', 'Player')
2020-05-02 00:38:23,559: DEBUG: black: ('ok_boomer_alphabeta', 'Player')
2020-05-02 00:38:23,559: DEBUG: draw detected: game state occurred 4 times.
2020-05-02 00:38:23,559: DEBUG: time:  + 0.000s  (just elapsed)    3.938s  (game total)
2020-05-02 00:38:23,559: DEBUG: time:  + 0.000s  (just elapsed)    1.797s  (game total)
2020-05-02 00:38:31,839: DEBUG: ------------------------------------------------------------------
2020-05-02 00:38:31,840: DEBUG: white: ('ok_boomer_alphabeta', 'Player')
2020-05-02 00:38:31,840: DEBUG: black: ('ok_boomer_tdleaf', 'Player')
2020-05-02 00:38:31,840: DEBUG: winner: black
2020-05-02 00:38:31,840: DEBUG: time:  + 0.000s  (just elapsed)    1.812s  (game total)
2020-05-02 00:38:31,840: DEBUG: time:  + 0.000s  (just elapsed)    3.109s  (game total)
2020-05-02 00:38:39,983: DEBUG: ------------------------------------------------------------------
2020-05-02 00:38:39,983: DEBUG: white: ('ok_boomer_tdleaf', 'Player')
2020-05-02 00:38:39,983: DEBUG: black: ('ok_boomer_alphabeta', 'Player')
2020-05-02 00:38:39,983: DEBUG: draw detected: no tokens remaining
2020-05-02 00:38:39,983: DEBUG: time:  + 0.000s  (just elapsed)    3.719s  (game total)
2020-05-02 00:38:39,983: DEBUG: time:  + 0.000s  (just elapsed)    2.047s  (game total)
2020-05-02 00:38:46,226: DEBUG: ------------------------------------------------------------------
2020-05-02 00:38:46,226: DEBUG: white: ('ok_boomer_alphabeta', 'Player')
2020-05-02 00:38:46,226: DEBUG: black: ('ok_boomer_tdleaf', 'Player')
2020-05-02 00:38:46,226: DEBUG: draw detected: no tokens remaining
2020-05-02 00:38:46,226: DEBUG: time:  + 0.000s  (just elapsed)    1.219s  (game total)
2020-05-02 00:38:46,226: DEBUG: time:  + 0.000s  (just elapsed)    3.125s  (game total)
2020-05-02 00:38:52,564: DEBUG: ------------------------------------------------------------------
2020-05-02 00:38:52,564: DEBUG: white: ('ok_boomer_tdleaf', 'Player')
2020-05-02 00:38:52,564: DEBUG: black: ('ok_boomer_alphabeta', 'Player')
2020-05-02 00:38:52,564: DEBUG: draw detected: no tokens remaining
2020-05-02 00:38:52,564: DEBUG: time:  + 0.000s  (just elapsed)    2.906s  (game total)
2020-05-02 00:38:52,564: DEBUG: time:  + 0.000s  (just elapsed)    1.344s  (game total)
2020-05-02 00:39:04,328: DEBUG: ------------------------------------------------------------------
2020-05-02 00:39:04,328: DEBUG: white: ('ok_boomer_alphabeta', 'Player')
2020-05-02 00:39:04,328: DEBUG: black: ('ok_boomer_tdleaf', 'Player')
2020-05-02 00:39:04,328: DEBUG: draw detected: maximum number of turns reached.
2020-05-02 00:39:04,328: DEBUG: time:  + 0.000s  (just elapsed)    1.406s  (game total)
2020-05-02 00:39:04,328: DEBUG: time:  + 0.000s  (just elapsed)    2.719s  (game total)
2020-05-02 00:42:18,655: DEBUG: ------------------------------------------------------------------
2020-05-02 00:42:18,655: DEBUG: white: ('ok_boomer_tdleaf', 'Player')
2020-05-02 00:42:18,656: DEBUG: black: ('ok_boomer_alphabeta', 'Player')
2020-05-02 00:42:18,656: DEBUG: draw detected: game state occurred 4 times.
2020-05-02 00:42:18,656: DEBUG: time:  + 0.000s  (just elapsed)    3.781s  (game total)
2020-05-02 00:42:18,656: DEBUG: time:  + 0.000s  (just elapsed)    1.797s  (game total)
2020-05-02 00:42:25,650: DEBUG: ------------------------------------------------------------------
2020-05-02 00:42:25,650: DEBUG: white: ('ok_boomer_alphabeta', 'Player')
2020-05-02 00:42:25,650: DEBUG: black: ('ok_boomer_tdleaf', 'Player')
2020-05-02 00:42:25,651: DEBUG: draw detected: no tokens remaining
2020-05-02 00:42:25,651: DEBUG: time:  + 0.000s  (just elapsed)    1.641s  (game total)
2020-05-02 00:42:25,651: DEBUG: time:  + 0.000s  (just elapsed)    3.578s  (game total)
2020-05-02 00:42:36,103: DEBUG: ------------------------------------------------------------------
2020-05-02 00:42:36,103: DEBUG: white: ('ok_boomer_tdleaf', 'Player')
2020-05-02 00:42:36,103: DEBUG: black: ('ok_boomer_alphabeta', 'Player')
2020-05-02 00:42:36,103: DEBUG: winner: white
2020-05-02 00:42:36,103: DEBUG: time:  + 0.000s  (just elapsed)    5.484s  (game total)
2020-05-02 00:42:36,103: DEBUG: time:  + 0.000s  (just elapsed)    2.500s  (game total)
2020-05-02 00:42:42,216: DEBUG: ------------------------------------------------------------------
2020-05-02 00:42:42,217: DEBUG: white: ('ok_boomer_alphabeta', 'Player')
2020-05-02 00:42:42,217: DEBUG: black: ('ok_boomer_tdleaf', 'Player')
2020-05-02 00:42:42,217: DEBUG: draw detected: no tokens remaining
2020-05-02 00:42:42,217: DEBUG: time:  + 0.000s  (just elapsed)    1.281s  (game total)
2020-05-02 00:42:42,217: DEBUG: time:  + 0.000s  (just elapsed)    3.047s  (game total)
2020-05-02 00:42:47,878: DEBUG: ------------------------------------------------------------------
2020-05-02 00:42:47,878: DEBUG: white: ('ok_boomer_tdleaf', 'Player')
2020-05-02 00:42:47,878: DEBUG: black: ('ok_boomer_alphabeta', 'Player')
2020-05-02 00:42:47,878: DEBUG: draw detected: no tokens remaining
2020-05-02 00:42:47,878: DEBUG: time:  + 0.000s  (just elapsed)    2.328s  (game total)
2020-05-02 00:42:47,878: DEBUG: time:  + 0.000s  (just elapsed)    1.453s  (game total)
2020-05-02 00:42:59,553: DEBUG: ------------------------------------------------------------------
2020-05-02 00:42:59,553: DEBUG: white: ('ok_boomer_alphabeta', 'Player')
2020-05-02 00:42:59,553: DEBUG: black: ('ok_boomer_tdleaf', 'Player')
2020-05-02 00:42:59,553: DEBUG: draw detected: maximum number of turns reached.
2020-05-02 00:42:59,553: DEBUG: time:  + 0.000s  (just elapsed)    1.219s  (game total)
2020-05-02 00:42:59,553: DEBUG: time:  + 0.000s  (just elapsed)    2.625s  (game total)
2020-05-02 00:43:14,842: DEBUG: ------------------------------------------------------------------
2020-05-02 00:43:14,842: DEBUG: white: ('ok_boomer_tdleaf', 'Player')
2020-05-02 00:43:14,842: DEBUG: black: ('ok_boomer_alphabeta', 'Player')
2020-05-02 00:43:14,842: DEBUG: draw detected: no tokens remaining
2020-05-02 00:43:14,842: DEBUG: time:  + 0.000s  (just elapsed)    5.766s  (game total)
2020-05-02 00:43:14,842: DEBUG: time:  + 0.000s  (just elapsed)    3.203s  (game total)
2020-05-02 00:43:24,998: DEBUG: ------------------------------------------------------------------
2020-05-02 00:43:24,999: DEBUG: white: ('ok_boomer_alphabeta', 'Player')
2020-05-02 00:43:24,999: DEBUG: black: ('ok_boomer_tdleaf', 'Player')
2020-05-02 00:43:24,999: DEBUG: draw detected: no tokens remaining
2020-05-02 00:43:24,999: DEBUG: time:  + 0.000s  (just elapsed)    1.891s  (game total)
2020-05-02 00:43:24,999: DEBUG: time:  + 0.000s  (just elapsed)    3.312s  (game total)
2020-05-02 00:43:33,237: DEBUG: ------------------------------------------------------------------
2020-05-02 00:43:33,237: DEBUG: white: ('ok_boomer_tdleaf', 'Player')
2020-05-02 00:43:33,237: DEBUG: black: ('ok_boomer_alphabeta', 'Player')
2020-05-02 00:43:33,237: DEBUG: draw detected: no tokens remaining
2020-05-02 00:43:33,237: DEBUG: time:  + 0.000s  (just elapsed)    3.797s  (game total)
2020-05-02 00:43:33,237: DEBUG: time:  + 0.000s  (just elapsed)    2.453s  (game total)
2020-05-02 00:43:39,869: DEBUG: ------------------------------------------------------------------
2020-05-02 00:43:39,869: DEBUG: white: ('ok_boomer_alphabeta', 'Player')
2020-05-02 00:43:39,869: DEBUG: black: ('ok_boomer_tdleaf', 'Player')
2020-05-02 00:43:39,869: DEBUG: draw detected: game state occurred 4 times.
2020-05-02 00:43:39,869: DEBUG: time:  + 0.000s  (just elapsed)    1.328s  (game total)
2020-05-02 00:43:39,869: DEBUG: time:  + 0.000s  (just elapsed)    2.906s  (game total)
2020-05-02 00:43:49,946: DEBUG: ------------------------------------------------------------------
2020-05-02 00:43:49,946: DEBUG: white: ('ok_boomer_tdleaf', 'Player')
2020-05-02 00:43:49,946: DEBUG: black: ('ok_boomer_alphabeta', 'Player')
2020-05-02 00:43:49,946: DEBUG: draw detected: game state occurred 4 times.
2020-05-02 00:43:49,946: DEBUG: time:  + 0.000s  (just elapsed)    2.734s  (game total)
2020-05-02 00:43:49,946: DEBUG: time:  + 0.000s  (just elapsed)    1.297s  (game total)
2020-05-02 00:43:57,055: DEBUG: ------------------------------------------------------------------
2020-05-02 00:43:57,055: DEBUG: white: ('ok_boomer_alphabeta', 'Player')
2020-05-02 00:43:57,055: DEBUG: black: ('ok_boomer_tdleaf', 'Player')
2020-05-02 00:43:57,055: DEBUG: winner: black
2020-05-02 00:43:57,055: DEBUG: time:  + 0.000s  (just elapsed)    1.531s  (game total)
2020-05-02 00:43:57,055: DEBUG: time:  + 0.000s  (just elapsed)    3.500s  (game total)
2020-05-02 00:44:10,712: DEBUG: ------------------------------------------------------------------
2020-05-02 00:44:10,713: DEBUG: white: ('ok_boomer_tdleaf', 'Player')
2020-05-02 00:44:10,713: DEBUG: black: ('ok_boomer_alphabeta', 'Player')
2020-05-02 00:44:10,713: DEBUG: draw detected: no tokens remaining
2020-05-02 00:44:10,713: DEBUG: time:  + 0.000s  (just elapsed)    5.000s  (game total)
2020-05-02 00:44:10,713: DEBUG: time:  + 0.000s  (just elapsed)    3.219s  (game total)
2020-05-02 00:44:20,922: DEBUG: ------------------------------------------------------------------
2020-05-02 00:44:20,922: DEBUG: white: ('ok_boomer_alphabeta', 'Player')
2020-05-02 00:44:20,922: DEBUG: black: ('ok_boomer_tdleaf', 'Player')
2020-05-02 00:44:20,922: DEBUG: winner: black
2020-05-02 00:44:20,922: DEBUG: time:  + 0.000s  (just elapsed)    0.984s  (game total)
2020-05-02 00:44:20,923: DEBUG: time:  + 0.000s  (just elapsed)    2.328s  (game total)
2020-05-02 00:44:30,267: DEBUG: ------------------------------------------------------------------
2020-05-02 00:44:30,268: DEBUG: white: ('ok_boomer_tdleaf', 'Player')
2020-05-02 00:44:30,268: DEBUG: black: ('ok_boomer_alphabeta', 'Player')
2020-05-02 00:44:30,268: DEBUG: draw detected: no tokens remaining
2020-05-02 00:44:30,268: DEBUG: time:  + 0.000s  (just elapsed)    4.125s  (game total)
2020-05-02 00:44:30,268: DEBUG: time:  + 0.000s  (just elapsed)    2.359s  (game total)
2020-05-02 00:44:37,567: DEBUG: ------------------------------------------------------------------
2020-05-02 00:44:37,567: DEBUG: white: ('ok_boomer_alphabeta', 'Player')
2020-05-02 00:44:37,567: DEBUG: black: ('ok_boomer_tdleaf', 'Player')
2020-05-02 00:44:37,567: DEBUG: draw detected: no tokens remaining
2020-05-02 00:44:37,567: DEBUG: time:  + 0.000s  (just elapsed)    1.422s  (game total)
2020-05-02 00:44:37,567: DEBUG: time:  + 0.000s  (just elapsed)    4.078s  (game total)
2020-05-02 00:44:45,267: DEBUG: ------------------------------------------------------------------
2020-05-02 00:44:45,267: DEBUG: white: ('ok_boomer_tdleaf', 'Player')
2020-05-02 00:44:45,268: DEBUG: black: ('ok_boomer_alphabeta', 'Player')
2020-05-02 00:44:45,268: DEBUG: draw detected: no tokens remaining
2020-05-02 00:44:45,268: DEBUG: time:  + 0.000s  (just elapsed)    3.797s  (game total)
2020-05-02 00:44:45,268: DEBUG: time:  + 0.000s  (just elapsed)    1.812s  (game total)
2020-05-02 00:44:51,968: DEBUG: ------------------------------------------------------------------
2020-05-02 00:44:51,968: DEBUG: white: ('ok_boomer_alphabeta', 'Player')
2020-05-02 00:44:51,968: DEBUG: black: ('ok_boomer_tdleaf', 'Player')
2020-05-02 00:44:51,968: DEBUG: winner: black
2020-05-02 00:44:51,969: DEBUG: time:  + 0.000s  (just elapsed)    1.328s  (game total)
2020-05-02 00:44:51,969: DEBUG: time:  + 0.000s  (just elapsed)    3.188s  (game total)
2020-05-02 00:44:59,163: DEBUG: ------------------------------------------------------------------
2020-05-02 00:44:59,163: DEBUG: white: ('ok_boomer_tdleaf', 'Player')
2020-05-02 00:44:59,163: DEBUG: black: ('ok_boomer_alphabeta', 'Player')
2020-05-02 00:44:59,163: DEBUG: draw detected: no tokens remaining
2020-05-02 00:44:59,163: DEBUG: time:  + 0.000s  (just elapsed)    3.219s  (game total)
2020-05-02 00:44:59,163: DEBUG: time:  + 0.000s  (just elapsed)    1.734s  (game total)
2020-05-02 00:45:12,669: DEBUG: ------------------------------------------------------------------
2020-05-02 00:45:12,669: DEBUG: white: ('ok_boomer_alphabeta', 'Player')
2020-05-02 00:45:12,669: DEBUG: black: ('ok_boomer_tdleaf', 'Player')
2020-05-02 00:45:12,669: DEBUG: draw detected: maximum number of turns reached.
2020-05-02 00:45:12,669: DEBUG: time:  + 0.000s  (just elapsed)    1.469s  (game total)
2020-05-02 00:45:12,669: DEBUG: time:  + 0.000s  (just elapsed)    4.109s  (game total)
2020-05-02 00:49:02,448: DEBUG: ------------------------------------------------------------------
2020-05-02 00:49:02,448: DEBUG: white: ('ok_boomer_tdleaf', 'Player')
2020-05-02 00:49:02,448: DEBUG: black: ('ok_boomer_alphabeta', 'Player')
2020-05-02 00:49:02,448: DEBUG: draw detected: game state occurred 4 times.
2020-05-02 00:49:02,448: DEBUG: time:  + 0.000s  (just elapsed)   27.125s  (game total)
2020-05-02 00:49:02,448: DEBUG: time:  + 0.000s  (just elapsed)    3.906s  (game total)
2020-05-02 00:49:14,247: DEBUG: ------------------------------------------------------------------
2020-05-02 00:49:14,247: DEBUG: white: ('ok_boomer_alphabeta', 'Player')
2020-05-02 00:49:14,247: DEBUG: black: ('ok_boomer_tdleaf', 'Player')
2020-05-02 00:49:14,247: DEBUG: winner: white
2020-05-02 00:49:14,247: DEBUG: time:  + 0.000s  (just elapsed)    1.047s  (game total)
2020-05-02 00:49:14,247: DEBUG: time:  + 0.000s  (just elapsed)    9.281s  (game total)
2020-05-02 00:49:33,786: DEBUG: ------------------------------------------------------------------
2020-05-02 00:49:33,786: DEBUG: white: ('ok_boomer_tdleaf', 'Player')
2020-05-02 00:49:33,787: DEBUG: black: ('ok_boomer_alphabeta', 'Player')
2020-05-02 00:49:33,787: DEBUG: winner: black
2020-05-02 00:49:33,787: DEBUG: time:  + 0.000s  (just elapsed)   15.094s  (game total)
2020-05-02 00:49:33,787: DEBUG: time:  + 0.000s  (just elapsed)    2.266s  (game total)
2020-05-02 00:49:42,983: DEBUG: ------------------------------------------------------------------
2020-05-02 00:49:42,984: DEBUG: white: ('ok_boomer_alphabeta', 'Player')
2020-05-02 00:49:42,984: DEBUG: black: ('ok_boomer_tdleaf', 'Player')
2020-05-02 00:49:42,984: DEBUG: draw detected: no tokens remaining
2020-05-02 00:49:42,984: DEBUG: time:  + 0.000s  (just elapsed)    0.875s  (game total)
2020-05-02 00:49:42,984: DEBUG: time:  + 0.000s  (just elapsed)    7.016s  (game total)
2020-05-02 00:50:03,184: DEBUG: ------------------------------------------------------------------
2020-05-02 00:50:03,184: DEBUG: white: ('ok_boomer_tdleaf', 'Player')
2020-05-02 00:50:03,184: DEBUG: black: ('ok_boomer_alphabeta', 'Player')
2020-05-02 00:50:03,184: DEBUG: winner: black
2020-05-02 00:50:03,184: DEBUG: time:  + 0.000s  (just elapsed)   16.453s  (game total)
2020-05-02 00:50:03,184: DEBUG: time:  + 0.000s  (just elapsed)    1.938s  (game total)
2020-05-02 00:50:19,456: DEBUG: ------------------------------------------------------------------
2020-05-02 00:50:19,456: DEBUG: white: ('ok_boomer_alphabeta', 'Player')
2020-05-02 00:50:19,456: DEBUG: black: ('ok_boomer_tdleaf', 'Player')
2020-05-02 00:50:19,456: DEBUG: winner: white
2020-05-02 00:50:19,456: DEBUG: time:  + 0.000s  (just elapsed)    1.719s  (game total)
2020-05-02 00:50:19,456: DEBUG: time:  + 0.000s  (just elapsed)   12.859s  (game total)
2020-05-02 00:50:41,729: DEBUG: ------------------------------------------------------------------
2020-05-02 00:50:41,729: DEBUG: white: ('ok_boomer_tdleaf', 'Player')
2020-05-02 00:50:41,729: DEBUG: black: ('ok_boomer_alphabeta', 'Player')
2020-05-02 00:50:41,729: DEBUG: winner: black
2020-05-02 00:50:41,729: DEBUG: time:  + 0.000s  (just elapsed)   17.125s  (game total)
2020-05-02 00:50:41,729: DEBUG: time:  + 0.000s  (just elapsed)    1.875s  (game total)
2020-05-02 00:50:56,041: DEBUG: ------------------------------------------------------------------
2020-05-02 00:50:56,041: DEBUG: white: ('ok_boomer_alphabeta', 'Player')
2020-05-02 00:50:56,042: DEBUG: black: ('ok_boomer_tdleaf', 'Player')
2020-05-02 00:50:56,042: DEBUG: winner: white
2020-05-02 00:50:56,042: DEBUG: time:  + 0.000s  (just elapsed)    1.359s  (game total)
2020-05-02 00:50:56,042: DEBUG: time:  + 0.000s  (just elapsed)   11.297s  (game total)
2020-05-02 00:51:25,331: DEBUG: ------------------------------------------------------------------
2020-05-02 00:51:25,331: DEBUG: white: ('ok_boomer_tdleaf', 'Player')
2020-05-02 00:51:25,331: DEBUG: black: ('ok_boomer_alphabeta', 'Player')
2020-05-02 00:51:25,331: DEBUG: winner: black
2020-05-02 00:51:25,331: DEBUG: time:  + 0.000s  (just elapsed)   22.797s  (game total)
2020-05-02 00:51:25,331: DEBUG: time:  + 0.000s  (just elapsed)    2.672s  (game total)
2020-05-02 00:51:35,066: DEBUG: ------------------------------------------------------------------
2020-05-02 00:51:35,066: DEBUG: white: ('ok_boomer_alphabeta', 'Player')
2020-05-02 00:51:35,066: DEBUG: black: ('ok_boomer_tdleaf', 'Player')
2020-05-02 00:51:35,066: DEBUG: winner: black
2020-05-02 00:51:35,066: DEBUG: time:  + 0.000s  (just elapsed)    0.672s  (game total)
2020-05-02 00:51:35,066: DEBUG: time:  + 0.000s  (just elapsed)    4.891s  (game total)
2020-05-02 00:51:45,594: DEBUG: ------------------------------------------------------------------
2020-05-02 00:51:45,594: DEBUG: white: ('ok_boomer_tdleaf', 'Player')
2020-05-02 00:51:45,594: DEBUG: black: ('ok_boomer_alphabeta', 'Player')
2020-05-02 00:51:45,594: DEBUG: winner: black
2020-05-02 00:51:45,594: DEBUG: time:  + 0.000s  (just elapsed)    7.734s  (game total)
2020-05-02 00:51:45,594: DEBUG: time:  + 0.000s  (just elapsed)    1.203s  (game total)
2020-05-02 00:51:59,148: DEBUG: ------------------------------------------------------------------
2020-05-02 00:51:59,148: DEBUG: white: ('ok_boomer_alphabeta', 'Player')
2020-05-02 00:51:59,148: DEBUG: black: ('ok_boomer_tdleaf', 'Player')
2020-05-02 00:51:59,148: DEBUG: draw detected: no tokens remaining
2020-05-02 00:51:59,148: DEBUG: time:  + 0.000s  (just elapsed)    1.406s  (game total)
2020-05-02 00:51:59,148: DEBUG: time:  + 0.000s  (just elapsed)    9.516s  (game total)
2020-05-02 00:52:22,978: DEBUG: ------------------------------------------------------------------
2020-05-02 00:52:22,978: DEBUG: white: ('ok_boomer_tdleaf', 'Player')
2020-05-02 00:52:22,978: DEBUG: black: ('ok_boomer_alphabeta', 'Player')
2020-05-02 00:52:22,978: DEBUG: winner: black
2020-05-02 00:52:22,978: DEBUG: time:  + 0.000s  (just elapsed)   18.500s  (game total)
2020-05-02 00:52:22,978: DEBUG: time:  + 0.000s  (just elapsed)    2.609s  (game total)
2020-05-02 00:52:42,668: DEBUG: ------------------------------------------------------------------
2020-05-02 00:52:42,669: DEBUG: white: ('ok_boomer_alphabeta', 'Player')
2020-05-02 00:52:42,669: DEBUG: black: ('ok_boomer_tdleaf', 'Player')
2020-05-02 00:52:42,669: DEBUG: winner: white
2020-05-02 00:52:42,669: DEBUG: time:  + 0.000s  (just elapsed)    2.016s  (game total)
2020-05-02 00:52:42,669: DEBUG: time:  + 0.000s  (just elapsed)   15.312s  (game total)
2020-05-02 00:53:00,765: DEBUG: ------------------------------------------------------------------
2020-05-02 00:53:00,765: DEBUG: white: ('ok_boomer_tdleaf', 'Player')
2020-05-02 00:53:00,765: DEBUG: black: ('ok_boomer_alphabeta', 'Player')
2020-05-02 00:53:00,765: DEBUG: draw detected: no tokens remaining
2020-05-02 00:53:00,765: DEBUG: time:  + 0.000s  (just elapsed)   13.594s  (game total)
2020-05-02 00:53:00,765: DEBUG: time:  + 0.000s  (just elapsed)    2.031s  (game total)
2020-05-02 00:53:15,145: DEBUG: ------------------------------------------------------------------
2020-05-02 00:53:15,145: DEBUG: white: ('ok_boomer_alphabeta', 'Player')
2020-05-02 00:53:15,145: DEBUG: black: ('ok_boomer_tdleaf', 'Player')
2020-05-02 00:53:15,145: DEBUG: winner: white
2020-05-02 00:53:15,145: DEBUG: time:  + 0.000s  (just elapsed)    1.250s  (game total)
2020-05-02 00:53:15,145: DEBUG: time:  + 0.000s  (just elapsed)   11.953s  (game total)
2020-05-02 00:53:32,498: DEBUG: ------------------------------------------------------------------
2020-05-02 00:53:32,498: DEBUG: white: ('ok_boomer_tdleaf', 'Player')
2020-05-02 00:53:32,498: DEBUG: black: ('ok_boomer_alphabeta', 'Player')
2020-05-02 00:53:32,498: DEBUG: draw detected: game state occurred 4 times.
2020-05-02 00:53:32,498: DEBUG: time:  + 0.000s  (just elapsed)   11.219s  (game total)
2020-05-02 00:53:32,498: DEBUG: time:  + 0.000s  (just elapsed)    1.672s  (game total)
2020-05-02 00:53:42,335: DEBUG: ------------------------------------------------------------------
2020-05-02 00:53:42,335: DEBUG: white: ('ok_boomer_alphabeta', 'Player')
2020-05-02 00:53:42,335: DEBUG: black: ('ok_boomer_tdleaf', 'Player')
2020-05-02 00:53:42,335: DEBUG: winner: white
2020-05-02 00:53:42,335: DEBUG: time:  + 0.000s  (just elapsed)    1.125s  (game total)
2020-05-02 00:53:42,335: DEBUG: time:  + 0.000s  (just elapsed)    7.016s  (game total)
2020-05-02 00:54:02,323: DEBUG: ------------------------------------------------------------------
2020-05-02 00:54:02,323: DEBUG: white: ('ok_boomer_tdleaf', 'Player')
2020-05-02 00:54:02,323: DEBUG: black: ('ok_boomer_alphabeta', 'Player')
2020-05-02 00:54:02,323: DEBUG: winner: white
2020-05-02 00:54:02,323: DEBUG: time:  + 0.000s  (just elapsed)   14.703s  (game total)
2020-05-02 00:54:02,323: DEBUG: time:  + 0.000s  (just elapsed)    1.703s  (game total)
2020-05-02 00:54:16,433: DEBUG: ------------------------------------------------------------------
2020-05-02 00:54:16,434: DEBUG: white: ('ok_boomer_alphabeta', 'Player')
2020-05-02 00:54:16,434: DEBUG: black: ('ok_boomer_tdleaf', 'Player')
2020-05-02 00:54:16,434: DEBUG: winner: black
2020-05-02 00:54:16,434: DEBUG: time:  + 0.000s  (just elapsed)    1.188s  (game total)
2020-05-02 00:54:16,434: DEBUG: time:  + 0.000s  (just elapsed)    9.406s  (game total)
2020-05-02 00:59:18,460: DEBUG: ------------------------------------------------------------------
2020-05-02 00:59:18,460: DEBUG: white: ('ok_boomer_tdleaf', 'Player')
2020-05-02 00:59:18,460: DEBUG: black: ('ok_boomer_alphabeta', 'Player')
2020-05-02 00:59:18,461: DEBUG: winner: white
2020-05-02 00:59:18,461: DEBUG: time:  + 0.000s  (just elapsed)   15.172s  (game total)
2020-05-02 00:59:18,461: DEBUG: time:  + 0.000s  (just elapsed)    2.219s  (game total)
2020-05-02 00:59:59,159: DEBUG: ------------------------------------------------------------------
2020-05-02 00:59:59,160: DEBUG: white: ('ok_boomer_tdleaf', 'Player')
2020-05-02 00:59:59,160: DEBUG: black: ('ok_boomer_alphabeta', 'Player')
2020-05-02 00:59:59,160: DEBUG: winner: black
2020-05-02 00:59:59,160: DEBUG: time:  + 0.000s  (just elapsed)   21.516s  (game total)
2020-05-02 00:59:59,160: DEBUG: time:  + 0.000s  (just elapsed)    2.359s  (game total)
2020-05-02 01:01:38,851: DEBUG: ------------------------------------------------------------------
2020-05-02 01:01:38,851: DEBUG: white: ('ok_boomer_tdleaf', 'Player')
2020-05-02 01:01:38,851: DEBUG: black: ('ok_boomer_alphabeta', 'Player')
2020-05-02 01:01:38,851: DEBUG: draw detected: no tokens remaining
2020-05-02 01:01:38,851: DEBUG: time:  + 0.000s  (just elapsed)   25.797s  (game total)
2020-05-02 01:01:38,851: DEBUG: time:  + 0.000s  (just elapsed)    4.250s  (game total)
2020-05-02 01:04:29,281: DEBUG: ------------------------------------------------------------------
2020-05-02 01:04:29,281: DEBUG: white: ('ok_boomer_tdleaf', 'Player')
2020-05-02 01:04:29,281: DEBUG: black: ('ok_boomer_alphabeta', 'Player')
2020-05-02 01:04:29,281: DEBUG: winner: black
2020-05-02 01:04:29,281: DEBUG: time:  + 0.000s  (just elapsed)   23.375s  (game total)
2020-05-02 01:04:29,281: DEBUG: time:  + 0.000s  (just elapsed)    2.781s  (game total)
2020-05-02 01:04:44,030: DEBUG: ------------------------------------------------------------------
2020-05-02 01:04:44,030: DEBUG: white: ('ok_boomer_alphabeta', 'Player')
2020-05-02 01:04:44,030: DEBUG: black: ('ok_boomer_tdleaf', 'Player')
2020-05-02 01:04:44,030: DEBUG: winner: white
2020-05-02 01:04:44,030: DEBUG: time:  + 0.000s  (just elapsed)    1.297s  (game total)
2020-05-02 01:04:44,030: DEBUG: time:  + 0.000s  (just elapsed)   11.531s  (game total)
2020-05-02 01:05:12,762: DEBUG: ------------------------------------------------------------------
2020-05-02 01:05:12,763: DEBUG: white: ('ok_boomer_tdleaf', 'Player')
2020-05-02 01:05:12,763: DEBUG: black: ('ok_boomer_alphabeta', 'Player')
2020-05-02 01:05:12,763: DEBUG: winner: black
2020-05-02 01:05:12,763: DEBUG: time:  + 0.000s  (just elapsed)   22.047s  (game total)
2020-05-02 01:05:12,763: DEBUG: time:  + 0.000s  (just elapsed)    2.781s  (game total)
2020-05-02 01:05:26,050: DEBUG: ------------------------------------------------------------------
2020-05-02 01:05:26,050: DEBUG: white: ('ok_boomer_alphabeta', 'Player')
2020-05-02 01:05:26,050: DEBUG: black: ('ok_boomer_tdleaf', 'Player')
2020-05-02 01:05:26,050: DEBUG: winner: black
2020-05-02 01:05:26,050: DEBUG: time:  + 0.000s  (just elapsed)    1.203s  (game total)
2020-05-02 01:05:26,050: DEBUG: time:  + 0.000s  (just elapsed)   10.422s  (game total)
2020-05-02 01:05:47,472: DEBUG: ------------------------------------------------------------------
2020-05-02 01:05:47,472: DEBUG: white: ('ok_boomer_tdleaf', 'Player')
2020-05-02 01:05:47,472: DEBUG: black: ('ok_boomer_alphabeta', 'Player')
2020-05-02 01:05:47,472: DEBUG: draw detected: no tokens remaining
2020-05-02 01:05:47,472: DEBUG: time:  + 0.000s  (just elapsed)   16.672s  (game total)
2020-05-02 01:05:47,472: DEBUG: time:  + 0.000s  (just elapsed)    1.969s  (game total)
2020-05-02 01:05:56,953: DEBUG: ------------------------------------------------------------------
2020-05-02 01:05:56,953: DEBUG: white: ('ok_boomer_alphabeta', 'Player')
2020-05-02 01:05:56,953: DEBUG: black: ('ok_boomer_tdleaf', 'Player')
2020-05-02 01:05:56,953: DEBUG: winner: white
2020-05-02 01:05:56,953: DEBUG: time:  + 0.000s  (just elapsed)    1.016s  (game total)
2020-05-02 01:05:56,953: DEBUG: time:  + 0.000s  (just elapsed)    6.766s  (game total)
2020-05-02 01:06:13,231: DEBUG: ------------------------------------------------------------------
2020-05-02 01:06:13,232: DEBUG: white: ('ok_boomer_tdleaf', 'Player')
2020-05-02 01:06:13,232: DEBUG: black: ('ok_boomer_alphabeta', 'Player')
2020-05-02 01:06:13,232: DEBUG: winner: black
2020-05-02 01:06:13,232: DEBUG: time:  + 0.000s  (just elapsed)   12.656s  (game total)
2020-05-02 01:06:13,232: DEBUG: time:  + 0.000s  (just elapsed)    1.578s  (game total)
2020-05-02 01:06:21,592: DEBUG: ------------------------------------------------------------------
2020-05-02 01:06:21,592: DEBUG: white: ('ok_boomer_alphabeta', 'Player')
2020-05-02 01:06:21,592: DEBUG: black: ('ok_boomer_tdleaf', 'Player')
2020-05-02 01:06:21,592: DEBUG: winner: black
2020-05-02 01:06:21,592: DEBUG: time:  + 0.000s  (just elapsed)    0.859s  (game total)
2020-05-02 01:06:21,592: DEBUG: time:  + 0.000s  (just elapsed)    5.781s  (game total)
2020-05-02 01:06:52,484: DEBUG: ------------------------------------------------------------------
2020-05-02 01:06:52,485: DEBUG: white: ('ok_boomer_tdleaf', 'Player')
2020-05-02 01:06:52,485: DEBUG: black: ('ok_boomer_alphabeta', 'Player')
2020-05-02 01:06:52,485: DEBUG: draw detected: no tokens remaining
2020-05-02 01:06:52,485: DEBUG: time:  + 0.000s  (just elapsed)   24.734s  (game total)
2020-05-02 01:06:52,485: DEBUG: time:  + 0.000s  (just elapsed)    2.828s  (game total)
2020-05-02 01:07:06,800: DEBUG: ------------------------------------------------------------------
2020-05-02 01:07:06,801: DEBUG: white: ('ok_boomer_alphabeta', 'Player')
2020-05-02 01:07:06,801: DEBUG: black: ('ok_boomer_tdleaf', 'Player')
2020-05-02 01:07:06,801: DEBUG: draw detected: no tokens remaining
2020-05-02 01:07:06,801: DEBUG: time:  + 0.000s  (just elapsed)    1.266s  (game total)
2020-05-02 01:07:06,801: DEBUG: time:  + 0.000s  (just elapsed)    9.469s  (game total)
2020-05-02 01:07:20,932: DEBUG: ------------------------------------------------------------------
2020-05-02 01:07:20,932: DEBUG: white: ('ok_boomer_tdleaf', 'Player')
2020-05-02 01:07:20,932: DEBUG: black: ('ok_boomer_alphabeta', 'Player')
2020-05-02 01:07:20,932: DEBUG: draw detected: no tokens remaining
2020-05-02 01:07:20,932: DEBUG: time:  + 0.000s  (just elapsed)   11.641s  (game total)
2020-05-02 01:07:20,932: DEBUG: time:  + 0.000s  (just elapsed)    1.094s  (game total)
2020-05-02 01:07:33,720: DEBUG: ------------------------------------------------------------------
2020-05-02 01:07:33,720: DEBUG: white: ('ok_boomer_alphabeta', 'Player')
2020-05-02 01:07:33,720: DEBUG: black: ('ok_boomer_tdleaf', 'Player')
2020-05-02 01:07:33,720: DEBUG: winner: black
2020-05-02 01:07:33,720: DEBUG: time:  + 0.000s  (just elapsed)    1.078s  (game total)
2020-05-02 01:07:33,720: DEBUG: time:  + 0.000s  (just elapsed)    7.578s  (game total)
2020-05-02 01:07:50,401: DEBUG: ------------------------------------------------------------------
2020-05-02 01:07:50,402: DEBUG: white: ('ok_boomer_tdleaf', 'Player')
2020-05-02 01:07:50,402: DEBUG: black: ('ok_boomer_alphabeta', 'Player')
2020-05-02 01:07:50,402: DEBUG: winner: black
2020-05-02 01:07:50,402: DEBUG: time:  + 0.000s  (just elapsed)   12.312s  (game total)
2020-05-02 01:07:50,402: DEBUG: time:  + 0.000s  (just elapsed)    1.562s  (game total)
2020-05-02 01:08:08,532: DEBUG: ------------------------------------------------------------------
2020-05-02 01:08:08,532: DEBUG: white: ('ok_boomer_alphabeta', 'Player')
2020-05-02 01:08:08,532: DEBUG: black: ('ok_boomer_tdleaf', 'Player')
2020-05-02 01:08:08,532: DEBUG: winner: white
2020-05-02 01:08:08,532: DEBUG: time:  + 0.000s  (just elapsed)    1.609s  (game total)
2020-05-02 01:08:08,532: DEBUG: time:  + 0.000s  (just elapsed)   13.828s  (game total)
2020-05-02 01:08:24,005: DEBUG: ------------------------------------------------------------------
2020-05-02 01:08:24,005: DEBUG: white: ('ok_boomer_tdleaf', 'Player')
2020-05-02 01:08:24,005: DEBUG: black: ('ok_boomer_alphabeta', 'Player')
2020-05-02 01:08:24,005: DEBUG: winner: white
2020-05-02 01:08:24,005: DEBUG: time:  + 0.000s  (just elapsed)   11.609s  (game total)
2020-05-02 01:08:24,005: DEBUG: time:  + 0.000s  (just elapsed)    1.594s  (game total)
2020-05-02 01:08:37,356: DEBUG: ------------------------------------------------------------------
2020-05-02 01:08:37,356: DEBUG: white: ('ok_boomer_alphabeta', 'Player')
2020-05-02 01:08:37,356: DEBUG: black: ('ok_boomer_tdleaf', 'Player')
2020-05-02 01:08:37,356: DEBUG: draw detected: no tokens remaining
2020-05-02 01:08:37,356: DEBUG: time:  + 0.000s  (just elapsed)    1.344s  (game total)
2020-05-02 01:08:37,356: DEBUG: time:  + 0.000s  (just elapsed)   10.812s  (game total)
2020-05-02 01:08:55,492: DEBUG: ------------------------------------------------------------------
2020-05-02 01:08:55,492: DEBUG: white: ('ok_boomer_tdleaf', 'Player')
2020-05-02 01:08:55,492: DEBUG: black: ('ok_boomer_alphabeta', 'Player')
2020-05-02 01:08:55,492: DEBUG: draw detected: no tokens remaining
2020-05-02 01:08:55,492: DEBUG: time:  + 0.000s  (just elapsed)   12.875s  (game total)
2020-05-02 01:08:55,492: DEBUG: time:  + 0.000s  (just elapsed)    2.172s  (game total)
2020-05-02 01:09:06,849: DEBUG: ------------------------------------------------------------------
2020-05-02 01:09:06,850: DEBUG: white: ('ok_boomer_alphabeta', 'Player')
2020-05-02 01:09:06,850: DEBUG: black: ('ok_boomer_tdleaf', 'Player')
2020-05-02 01:09:06,850: DEBUG: winner: black
2020-05-02 01:09:06,850: DEBUG: time:  + 0.000s  (just elapsed)    1.156s  (game total)
2020-05-02 01:09:06,850: DEBUG: time:  + 0.000s  (just elapsed)    7.141s  (game total)
2020-05-02 01:09:27,997: DEBUG: ------------------------------------------------------------------
2020-05-02 01:09:27,998: DEBUG: white: ('ok_boomer_tdleaf', 'Player')
2020-05-02 01:09:27,998: DEBUG: black: ('ok_boomer_alphabeta', 'Player')
2020-05-02 01:09:27,998: DEBUG: winner: black
2020-05-02 01:09:27,998: DEBUG: time:  + 0.000s  (just elapsed)   16.359s  (game total)
2020-05-02 01:09:27,998: DEBUG: time:  + 0.000s  (just elapsed)    2.609s  (game total)
2020-05-02 01:09:51,243: DEBUG: ------------------------------------------------------------------
2020-05-02 01:09:51,243: DEBUG: white: ('ok_boomer_alphabeta', 'Player')
2020-05-02 01:09:51,243: DEBUG: black: ('ok_boomer_tdleaf', 'Player')
2020-05-02 01:09:51,243: DEBUG: winner: white
2020-05-02 01:09:51,243: DEBUG: time:  + 0.000s  (just elapsed)    2.266s  (game total)
2020-05-02 01:09:51,243: DEBUG: time:  + 0.000s  (just elapsed)   17.656s  (game total)
2020-05-02 01:11:44,549: DEBUG: ------------------------------------------------------------------
2020-05-02 01:11:44,549: DEBUG: white: ('ok_boomer_tdleaf', 'Player')
2020-05-02 01:11:44,549: DEBUG: black: ('ok_boomer_alphabeta', 'Player')
2020-05-02 01:11:44,549: DEBUG: draw detected: no tokens remaining
2020-05-02 01:11:44,549: DEBUG: time:  + 0.000s  (just elapsed)   38.922s  (game total)
2020-05-02 01:11:44,549: DEBUG: time:  + 0.000s  (just elapsed)    5.328s  (game total)
2020-05-02 01:12:05,079: DEBUG: ------------------------------------------------------------------
2020-05-02 01:12:05,079: DEBUG: white: ('ok_boomer_alphabeta', 'Player')
2020-05-02 01:12:05,079: DEBUG: black: ('ok_boomer_tdleaf', 'Player')
2020-05-02 01:12:05,079: DEBUG: winner: white
2020-05-02 01:12:05,079: DEBUG: time:  + 0.000s  (just elapsed)    1.969s  (game total)
2020-05-02 01:12:05,079: DEBUG: time:  + 0.000s  (just elapsed)   12.516s  (game total)
2020-05-02 01:12:22,300: DEBUG: ------------------------------------------------------------------
2020-05-02 01:12:22,300: DEBUG: white: ('ok_boomer_tdleaf', 'Player')
2020-05-02 01:12:22,300: DEBUG: black: ('ok_boomer_alphabeta', 'Player')
2020-05-02 01:12:22,300: DEBUG: winner: black
2020-05-02 01:12:22,300: DEBUG: time:  + 0.000s  (just elapsed)   13.469s  (game total)
2020-05-02 01:12:22,300: DEBUG: time:  + 0.000s  (just elapsed)    1.953s  (game total)
2020-05-02 01:12:39,988: DEBUG: ------------------------------------------------------------------
2020-05-02 01:12:39,988: DEBUG: white: ('ok_boomer_alphabeta', 'Player')
2020-05-02 01:12:39,988: DEBUG: black: ('ok_boomer_tdleaf', 'Player')
2020-05-02 01:12:39,988: DEBUG: winner: white
2020-05-02 01:12:39,989: DEBUG: time:  + 0.000s  (just elapsed)    1.453s  (game total)
2020-05-02 01:12:39,989: DEBUG: time:  + 0.000s  (just elapsed)   14.969s  (game total)
2020-05-02 01:13:06,352: DEBUG: ------------------------------------------------------------------
2020-05-02 01:13:06,352: DEBUG: white: ('ok_boomer_tdleaf', 'Player')
2020-05-02 01:13:06,352: DEBUG: black: ('ok_boomer_alphabeta', 'Player')
2020-05-02 01:13:06,352: DEBUG: draw detected: no tokens remaining
2020-05-02 01:13:06,352: DEBUG: time:  + 0.000s  (just elapsed)   22.156s  (game total)
2020-05-02 01:13:06,352: DEBUG: time:  + 0.000s  (just elapsed)    1.906s  (game total)
2020-05-02 01:13:18,817: DEBUG: ------------------------------------------------------------------
2020-05-02 01:13:18,817: DEBUG: white: ('ok_boomer_alphabeta', 'Player')
2020-05-02 01:13:18,817: DEBUG: black: ('ok_boomer_tdleaf', 'Player')
2020-05-02 01:13:18,818: DEBUG: winner: black
2020-05-02 01:13:18,818: DEBUG: time:  + 0.000s  (just elapsed)    1.047s  (game total)
2020-05-02 01:13:18,818: DEBUG: time:  + 0.000s  (just elapsed)    8.938s  (game total)
2020-05-02 01:16:26,113: DEBUG: ------------------------------------------------------------------
2020-05-02 01:16:26,113: DEBUG: white: ('ok_boomer_tdleaf', 'Player')
2020-05-02 01:16:26,113: DEBUG: black: ('ok_boomer_alphabeta', 'Player')
2020-05-02 01:16:26,113: DEBUG: winner: black
2020-05-02 01:16:26,113: DEBUG: time:  + 0.000s  (just elapsed)    9.547s  (game total)
2020-05-02 01:16:26,113: DEBUG: time:  + 0.000s  (just elapsed)    1.125s  (game total)
2020-05-02 01:16:38,436: DEBUG: ------------------------------------------------------------------
2020-05-02 01:16:38,436: DEBUG: white: ('ok_boomer_alphabeta', 'Player')
2020-05-02 01:16:38,436: DEBUG: black: ('ok_boomer_tdleaf', 'Player')
2020-05-02 01:16:38,436: DEBUG: winner: black
2020-05-02 01:16:38,436: DEBUG: time:  + 0.000s  (just elapsed)    1.062s  (game total)
2020-05-02 01:16:38,437: DEBUG: time:  + 0.000s  (just elapsed)    8.453s  (game total)
2020-05-02 01:17:08,994: DEBUG: ------------------------------------------------------------------
2020-05-02 01:17:08,994: DEBUG: white: ('ok_boomer_tdleaf', 'Player')
2020-05-02 01:17:08,994: DEBUG: black: ('ok_boomer_alphabeta', 'Player')
2020-05-02 01:17:08,994: DEBUG: draw detected: game state occurred 4 times.
2020-05-02 01:17:08,994: DEBUG: time:  + 0.000s  (just elapsed)   20.547s  (game total)
2020-05-02 01:17:08,994: DEBUG: time:  + 0.000s  (just elapsed)    3.484s  (game total)
2020-05-02 01:17:20,536: DEBUG: ------------------------------------------------------------------
2020-05-02 01:17:20,536: DEBUG: white: ('ok_boomer_alphabeta', 'Player')
2020-05-02 01:17:20,536: DEBUG: black: ('ok_boomer_tdleaf', 'Player')
2020-05-02 01:17:20,536: DEBUG: winner: white
2020-05-02 01:17:20,536: DEBUG: time:  + 0.000s  (just elapsed)    1.312s  (game total)
2020-05-02 01:17:20,536: DEBUG: time:  + 0.000s  (just elapsed)    9.000s  (game total)
2020-05-02 01:17:39,685: DEBUG: ------------------------------------------------------------------
2020-05-02 01:17:39,685: DEBUG: white: ('ok_boomer_tdleaf', 'Player')
2020-05-02 01:17:39,685: DEBUG: black: ('ok_boomer_alphabeta', 'Player')
2020-05-02 01:17:39,685: DEBUG: draw detected: no tokens remaining
2020-05-02 01:17:39,685: DEBUG: time:  + 0.000s  (just elapsed)   15.266s  (game total)
2020-05-02 01:17:39,685: DEBUG: time:  + 0.000s  (just elapsed)    1.797s  (game total)
2020-05-02 01:17:52,176: DEBUG: ------------------------------------------------------------------
2020-05-02 01:17:52,177: DEBUG: white: ('ok_boomer_alphabeta', 'Player')
2020-05-02 01:17:52,177: DEBUG: black: ('ok_boomer_tdleaf', 'Player')
2020-05-02 01:17:52,177: DEBUG: draw detected: no tokens remaining
2020-05-02 01:17:52,177: DEBUG: time:  + 0.000s  (just elapsed)    1.328s  (game total)
2020-05-02 01:17:52,177: DEBUG: time:  + 0.000s  (just elapsed)    9.766s  (game total)
2020-05-02 01:18:10,847: DEBUG: ------------------------------------------------------------------
2020-05-02 01:18:10,847: DEBUG: white: ('ok_boomer_tdleaf', 'Player')
2020-05-02 01:18:10,847: DEBUG: black: ('ok_boomer_alphabeta', 'Player')
2020-05-02 01:18:10,847: DEBUG: winner: black
2020-05-02 01:18:10,847: DEBUG: time:  + 0.000s  (just elapsed)   15.250s  (game total)
2020-05-02 01:18:10,847: DEBUG: time:  + 0.000s  (just elapsed)    1.750s  (game total)
2020-05-02 01:18:24,301: DEBUG: ------------------------------------------------------------------
2020-05-02 01:18:24,301: DEBUG: white: ('ok_boomer_alphabeta', 'Player')
2020-05-02 01:18:24,301: DEBUG: black: ('ok_boomer_tdleaf', 'Player')
2020-05-02 01:18:24,301: DEBUG: winner: white
2020-05-02 01:18:24,301: DEBUG: time:  + 0.000s  (just elapsed)    1.406s  (game total)
2020-05-02 01:18:24,301: DEBUG: time:  + 0.000s  (just elapsed)    8.750s  (game total)
2020-05-02 01:18:48,848: DEBUG: ------------------------------------------------------------------
2020-05-02 01:18:48,848: DEBUG: white: ('ok_boomer_tdleaf', 'Player')
2020-05-02 01:18:48,848: DEBUG: black: ('ok_boomer_alphabeta', 'Player')
2020-05-02 01:18:48,848: DEBUG: winner: black
2020-05-02 01:18:48,848: DEBUG: time:  + 0.000s  (just elapsed)   18.438s  (game total)
2020-05-02 01:18:48,848: DEBUG: time:  + 0.000s  (just elapsed)    2.906s  (game total)
2020-05-02 01:19:02,331: DEBUG: ------------------------------------------------------------------
2020-05-02 01:19:02,332: DEBUG: white: ('ok_boomer_alphabeta', 'Player')
2020-05-02 01:19:02,332: DEBUG: black: ('ok_boomer_tdleaf', 'Player')
2020-05-02 01:19:02,332: DEBUG: winner: black
2020-05-02 01:19:02,332: DEBUG: time:  + 0.000s  (just elapsed)    1.250s  (game total)
2020-05-02 01:19:02,332: DEBUG: time:  + 0.000s  (just elapsed)    8.891s  (game total)
2020-05-02 01:19:14,202: DEBUG: ------------------------------------------------------------------
2020-05-02 01:19:14,203: DEBUG: white: ('ok_boomer_tdleaf', 'Player')
2020-05-02 01:19:14,203: DEBUG: black: ('ok_boomer_alphabeta', 'Player')
2020-05-02 01:19:14,203: DEBUG: winner: black
2020-05-02 01:19:14,203: DEBUG: time:  + 0.000s  (just elapsed)    8.156s  (game total)
2020-05-02 01:19:14,203: DEBUG: time:  + 0.000s  (just elapsed)    1.266s  (game total)
2020-05-02 01:19:24,815: DEBUG: ------------------------------------------------------------------
2020-05-02 01:19:24,815: DEBUG: white: ('ok_boomer_alphabeta', 'Player')
2020-05-02 01:19:24,815: DEBUG: black: ('ok_boomer_tdleaf', 'Player')
2020-05-02 01:19:24,815: DEBUG: winner: white
2020-05-02 01:19:24,815: DEBUG: time:  + 0.000s  (just elapsed)    1.016s  (game total)
2020-05-02 01:19:24,815: DEBUG: time:  + 0.000s  (just elapsed)    7.750s  (game total)
